   1              	 .syntax unified
   2              	 .cpu cortex-m4
   3              	 .eabi_attribute 27,3
   4              	 .fpu fpv4-sp-d16
   5              	 .eabi_attribute 20,1
   6              	 .eabi_attribute 21,1
   7              	 .eabi_attribute 23,3
   8              	 .eabi_attribute 24,1
   9              	 .eabi_attribute 25,1
  10              	 .eabi_attribute 26,1
  11              	 .eabi_attribute 30,6
  12              	 .eabi_attribute 34,1
  13              	 .eabi_attribute 18,4
  14              	 .thumb
  15              	 .file "clock_xmc4.c"
  16              	 .text
  17              	.Ltext0:
  18              	 .cfi_sections .debug_frame
  19              	 .section .text.CLOCK_XMC4_GetAppVersion,"ax",%progbits
  20              	 .align 2
  21              	 .global CLOCK_XMC4_GetAppVersion
  22              	 .thumb
  23              	 .thumb_func
  25              	CLOCK_XMC4_GetAppVersion:
  26              	.LFB187:
  27              	 .file 1 "../Dave/Generated/CLOCK_XMC4/clock_xmc4.c"
   1:../Dave/Generated/CLOCK_XMC4/clock_xmc4.c **** /**
   2:../Dave/Generated/CLOCK_XMC4/clock_xmc4.c ****  * @file clock_xmc4.c
   3:../Dave/Generated/CLOCK_XMC4/clock_xmc4.c ****  * @date 2016-07-08
   4:../Dave/Generated/CLOCK_XMC4/clock_xmc4.c ****  *
   5:../Dave/Generated/CLOCK_XMC4/clock_xmc4.c ****  * NOTE:
   6:../Dave/Generated/CLOCK_XMC4/clock_xmc4.c ****  * This file is generated by DAVE. Any manual modification done to this file will be lost when the 
   7:../Dave/Generated/CLOCK_XMC4/clock_xmc4.c ****  *
   8:../Dave/Generated/CLOCK_XMC4/clock_xmc4.c ****  * @cond
   9:../Dave/Generated/CLOCK_XMC4/clock_xmc4.c ****  **************************************************************************************************
  10:../Dave/Generated/CLOCK_XMC4/clock_xmc4.c ****  * CLOCK_XMC4 v4.0.22 - APP to configure System and Peripheral Clocks.
  11:../Dave/Generated/CLOCK_XMC4/clock_xmc4.c ****  *
  12:../Dave/Generated/CLOCK_XMC4/clock_xmc4.c ****  * Copyright (c) 2015-2016, Infineon Technologies AG
  13:../Dave/Generated/CLOCK_XMC4/clock_xmc4.c ****  * All rights reserved.                        
  14:../Dave/Generated/CLOCK_XMC4/clock_xmc4.c ****  *                                             
  15:../Dave/Generated/CLOCK_XMC4/clock_xmc4.c ****  * Redistribution and use in source and binary forms, with or without modification,are permitted pr
  16:../Dave/Generated/CLOCK_XMC4/clock_xmc4.c ****  * following conditions are met:   
  17:../Dave/Generated/CLOCK_XMC4/clock_xmc4.c ****  *                                                                              
  18:../Dave/Generated/CLOCK_XMC4/clock_xmc4.c ****  *   Redistributions of source code must retain the above copyright notice, this list of conditions
  19:../Dave/Generated/CLOCK_XMC4/clock_xmc4.c ****  *   disclaimer.                        
  20:../Dave/Generated/CLOCK_XMC4/clock_xmc4.c ****  * 
  21:../Dave/Generated/CLOCK_XMC4/clock_xmc4.c ****  *   Redistributions in binary form must reproduce the above copyright notice, this list of conditi
  22:../Dave/Generated/CLOCK_XMC4/clock_xmc4.c ****  *   following disclaimer in the documentation and/or other materials provided with the distributio
  23:../Dave/Generated/CLOCK_XMC4/clock_xmc4.c ****  *                         
  24:../Dave/Generated/CLOCK_XMC4/clock_xmc4.c ****  *   Neither the name of the copyright holders nor the names of its contributors may be used to end
  25:../Dave/Generated/CLOCK_XMC4/clock_xmc4.c ****  *   products derived from this software without specific prior written permission. 
  26:../Dave/Generated/CLOCK_XMC4/clock_xmc4.c ****  *                                             
  27:../Dave/Generated/CLOCK_XMC4/clock_xmc4.c ****  * THIS SOFTWARE IS PROVIDED BY THE COPYRIGHT HOLDERS AND CONTRIBUTORS "AS IS" AND ANY EXPRESS OR I
  28:../Dave/Generated/CLOCK_XMC4/clock_xmc4.c ****  * INCLUDING, BUT NOT LIMITED TO, THE IMPLIED WARRANTIES OF MERCHANTABILITY AND FITNESS FOR A PARTI
  29:../Dave/Generated/CLOCK_XMC4/clock_xmc4.c ****  * DISCLAIMED. IN NO EVENT SHALL THE COPYRIGHT HOLDER OR CONTRIBUTORS BE LIABLE  FOR ANY DIRECT, IN
  30:../Dave/Generated/CLOCK_XMC4/clock_xmc4.c ****  * SPECIAL, EXEMPLARY, OR CONSEQUENTIAL DAMAGES (INCLUDING, BUT NOT LIMITED TO, PROCUREMENT OF SUBS
  31:../Dave/Generated/CLOCK_XMC4/clock_xmc4.c ****  * SERVICES; LOSS OF USE, DATA, OR PROFITS; OR BUSINESS INTERRUPTION) HOWEVER CAUSED AND ON ANY THE
  32:../Dave/Generated/CLOCK_XMC4/clock_xmc4.c ****  * WHETHER IN CONTRACT, STRICT LIABILITY,OR TORT (INCLUDING NEGLIGENCE OR OTHERWISE) ARISING IN ANY
  33:../Dave/Generated/CLOCK_XMC4/clock_xmc4.c ****  * USE OF THIS SOFTWARE, EVEN IF ADVISED OF THE POSSIBILITY OF SUCH DAMAGE.    
  34:../Dave/Generated/CLOCK_XMC4/clock_xmc4.c ****  *                                                                              
  35:../Dave/Generated/CLOCK_XMC4/clock_xmc4.c ****  * To improve the quality of the software, users are encouraged to share modifications, enhancement
  36:../Dave/Generated/CLOCK_XMC4/clock_xmc4.c ****  * with Infineon Technologies AG (dave@infineon.com).        
  37:../Dave/Generated/CLOCK_XMC4/clock_xmc4.c ****  **************************************************************************************************
  38:../Dave/Generated/CLOCK_XMC4/clock_xmc4.c ****  *
  39:../Dave/Generated/CLOCK_XMC4/clock_xmc4.c ****  * Change History
  40:../Dave/Generated/CLOCK_XMC4/clock_xmc4.c ****  * --------------
  41:../Dave/Generated/CLOCK_XMC4/clock_xmc4.c ****  * 2015-02-16:
  42:../Dave/Generated/CLOCK_XMC4/clock_xmc4.c ****  *     - Initial version for DAVEv4. <BR>
  43:../Dave/Generated/CLOCK_XMC4/clock_xmc4.c ****  * 2015-05-08:
  44:../Dave/Generated/CLOCK_XMC4/clock_xmc4.c ****  *     - Typo mistake corrected in _GetAppVersion(). <BR>
  45:../Dave/Generated/CLOCK_XMC4/clock_xmc4.c ****  * 2015-09-22:
  46:../Dave/Generated/CLOCK_XMC4/clock_xmc4.c ****  *     - CLOCK_XMC4_Init and CLOCK_XMC4_StepSystemPllFrequency() APIs are provided. <BR>
  47:../Dave/Generated/CLOCK_XMC4/clock_xmc4.c ****  * 2015-11-20:
  48:../Dave/Generated/CLOCK_XMC4/clock_xmc4.c ****  *     - XMC_ASSERT is added for debugging purpose. <BR>
  49:../Dave/Generated/CLOCK_XMC4/clock_xmc4.c ****  * 2015-12-20:
  50:../Dave/Generated/CLOCK_XMC4/clock_xmc4.c ****  *     - Comments are improved. <BR>
  51:../Dave/Generated/CLOCK_XMC4/clock_xmc4.c ****  * 2015-12-24:
  52:../Dave/Generated/CLOCK_XMC4/clock_xmc4.c ****  *     - TRAP event settings are moved to SystemCoreClockSetup API from CLOCK_XMC4_Init. <BR>
  53:../Dave/Generated/CLOCK_XMC4/clock_xmc4.c ****  *     - Code size is improved. <BR>
  54:../Dave/Generated/CLOCK_XMC4/clock_xmc4.c ****  *     - OSCHP_GetFrequency API is made to available to user only when high precision oscillator is
  55:../Dave/Generated/CLOCK_XMC4/clock_xmc4.c ****  * 2016-07-08:
  56:../Dave/Generated/CLOCK_XMC4/clock_xmc4.c ****  *     - Fixed incorrect case for an included header.<br>
  57:../Dave/Generated/CLOCK_XMC4/clock_xmc4.c ****  *
  58:../Dave/Generated/CLOCK_XMC4/clock_xmc4.c ****  * @endcond 
  59:../Dave/Generated/CLOCK_XMC4/clock_xmc4.c ****  *
  60:../Dave/Generated/CLOCK_XMC4/clock_xmc4.c ****  */
  61:../Dave/Generated/CLOCK_XMC4/clock_xmc4.c **** 
  62:../Dave/Generated/CLOCK_XMC4/clock_xmc4.c **** /**************************************************************************************************
  63:../Dave/Generated/CLOCK_XMC4/clock_xmc4.c ****  * HEADER FILES                                                                                    
  64:../Dave/Generated/CLOCK_XMC4/clock_xmc4.c ****  **************************************************************************************************
  65:../Dave/Generated/CLOCK_XMC4/clock_xmc4.c **** #include "clock_xmc4.h"
  66:../Dave/Generated/CLOCK_XMC4/clock_xmc4.c **** 
  67:../Dave/Generated/CLOCK_XMC4/clock_xmc4.c **** /**************************************************************************************************
  68:../Dave/Generated/CLOCK_XMC4/clock_xmc4.c ****  * MACROS
  69:../Dave/Generated/CLOCK_XMC4/clock_xmc4.c ****  **************************************************************************************************
  70:../Dave/Generated/CLOCK_XMC4/clock_xmc4.c **** 
  71:../Dave/Generated/CLOCK_XMC4/clock_xmc4.c **** /**************************************************************************************************
  72:../Dave/Generated/CLOCK_XMC4/clock_xmc4.c ****  * LOCAL DATA
  73:../Dave/Generated/CLOCK_XMC4/clock_xmc4.c ****  **************************************************************************************************
  74:../Dave/Generated/CLOCK_XMC4/clock_xmc4.c **** 
  75:../Dave/Generated/CLOCK_XMC4/clock_xmc4.c **** /**************************************************************************************************
  76:../Dave/Generated/CLOCK_XMC4/clock_xmc4.c ****  * LOCAL ROUTINES
  77:../Dave/Generated/CLOCK_XMC4/clock_xmc4.c ****  **************************************************************************************************
  78:../Dave/Generated/CLOCK_XMC4/clock_xmc4.c **** 
  79:../Dave/Generated/CLOCK_XMC4/clock_xmc4.c **** /**************************************************************************************************
  80:../Dave/Generated/CLOCK_XMC4/clock_xmc4.c **** * API IMPLEMENTATION
  81:../Dave/Generated/CLOCK_XMC4/clock_xmc4.c **** ***************************************************************************************************
  82:../Dave/Generated/CLOCK_XMC4/clock_xmc4.c **** /*  API to retrieve version of the APP */
  83:../Dave/Generated/CLOCK_XMC4/clock_xmc4.c **** DAVE_APP_VERSION_t CLOCK_XMC4_GetAppVersion(void)
  84:../Dave/Generated/CLOCK_XMC4/clock_xmc4.c **** {
  28              	 .loc 1 84 0
  29              	 .cfi_startproc
  30              	 
  31              	 
  32              	 
  33 0000 80B4     	 push {r7}
  34              	.LCFI0:
  35              	 .cfi_def_cfa_offset 4
  36              	 .cfi_offset 7,-4
  37 0002 83B0     	 sub sp,sp,#12
  38              	.LCFI1:
  39              	 .cfi_def_cfa_offset 16
  40 0004 00AF     	 add r7,sp,#0
  41              	.LCFI2:
  42              	 .cfi_def_cfa_register 7
  85:../Dave/Generated/CLOCK_XMC4/clock_xmc4.c ****   DAVE_APP_VERSION_t version;
  86:../Dave/Generated/CLOCK_XMC4/clock_xmc4.c ****   version.major = (uint8_t)CLOCK_XMC4_MAJOR_VERSION;
  43              	 .loc 1 86 0
  44 0006 0423     	 movs r3,#4
  45 0008 3B70     	 strb r3,[r7]
  87:../Dave/Generated/CLOCK_XMC4/clock_xmc4.c ****   version.minor = (uint8_t)CLOCK_XMC4_MINOR_VERSION;
  46              	 .loc 1 87 0
  47 000a 0023     	 movs r3,#0
  48 000c 7B70     	 strb r3,[r7,#1]
  88:../Dave/Generated/CLOCK_XMC4/clock_xmc4.c ****   version.patch = (uint8_t)CLOCK_XMC4_PATCH_VERSION;
  49              	 .loc 1 88 0
  50 000e 1623     	 movs r3,#22
  51 0010 BB70     	 strb r3,[r7,#2]
  89:../Dave/Generated/CLOCK_XMC4/clock_xmc4.c **** 
  90:../Dave/Generated/CLOCK_XMC4/clock_xmc4.c ****   return (version);
  52              	 .loc 1 90 0
  53 0012 3B1D     	 adds r3,r7,#4
  54 0014 3A46     	 mov r2,r7
  55 0016 1268     	 ldr r2,[r2]
  56 0018 1146     	 mov r1,r2
  57 001a 1980     	 strh r1,[r3]
  58 001c 0233     	 adds r3,r3,#2
  59 001e 120C     	 lsrs r2,r2,#16
  60 0020 1A70     	 strb r2,[r3]
  61 0022 0023     	 movs r3,#0
  62 0024 3A79     	 ldrb r2,[r7,#4]
  63 0026 62F30703 	 bfi r3,r2,#0,#8
  64 002a 7A79     	 ldrb r2,[r7,#5]
  65 002c 62F30F23 	 bfi r3,r2,#8,#8
  66 0030 BA79     	 ldrb r2,[r7,#6]
  67 0032 62F31743 	 bfi r3,r2,#16,#8
  91:../Dave/Generated/CLOCK_XMC4/clock_xmc4.c **** }
  68              	 .loc 1 91 0
  69 0036 1846     	 mov r0,r3
  70 0038 0C37     	 adds r7,r7,#12
  71              	.LCFI3:
  72              	 .cfi_def_cfa_offset 4
  73 003a BD46     	 mov sp,r7
  74              	.LCFI4:
  75              	 .cfi_def_cfa_register 13
  76              	 
  77 003c 5DF8047B 	 ldr r7,[sp],#4
  78              	.LCFI5:
  79              	 .cfi_restore 7
  80              	 .cfi_def_cfa_offset 0
  81 0040 7047     	 bx lr
  82              	 .cfi_endproc
  83              	.LFE187:
  85 0042 00BF     	 .section .text.CLOCK_XMC4_Init,"ax",%progbits
  86              	 .align 2
  87              	 .global CLOCK_XMC4_Init
  88              	 .thumb
  89              	 .thumb_func
  91              	CLOCK_XMC4_Init:
  92              	.LFB188:
  92:../Dave/Generated/CLOCK_XMC4/clock_xmc4.c **** 
  93:../Dave/Generated/CLOCK_XMC4/clock_xmc4.c **** /*
  94:../Dave/Generated/CLOCK_XMC4/clock_xmc4.c ****  * API to initialize the CLOCK_XMC4 APP TRAP events
  95:../Dave/Generated/CLOCK_XMC4/clock_xmc4.c ****  */
  96:../Dave/Generated/CLOCK_XMC4/clock_xmc4.c **** CLOCK_XMC4_STATUS_t CLOCK_XMC4_Init(CLOCK_XMC4_t *handle)
  97:../Dave/Generated/CLOCK_XMC4/clock_xmc4.c **** {
  93              	 .loc 1 97 0
  94              	 .cfi_startproc
  95              	 
  96              	 
  97              	 
  98 0000 80B4     	 push {r7}
  99              	.LCFI6:
 100              	 .cfi_def_cfa_offset 4
 101              	 .cfi_offset 7,-4
 102 0002 85B0     	 sub sp,sp,#20
 103              	.LCFI7:
 104              	 .cfi_def_cfa_offset 24
 105 0004 00AF     	 add r7,sp,#0
 106              	.LCFI8:
 107              	 .cfi_def_cfa_register 7
 108 0006 7860     	 str r0,[r7,#4]
  98:../Dave/Generated/CLOCK_XMC4/clock_xmc4.c ****   CLOCK_XMC4_STATUS_t status = CLOCK_XMC4_STATUS_SUCCESS;
 109              	 .loc 1 98 0
 110 0008 0023     	 movs r3,#0
 111 000a FB73     	 strb r3,[r7,#15]
  99:../Dave/Generated/CLOCK_XMC4/clock_xmc4.c **** 
 100:../Dave/Generated/CLOCK_XMC4/clock_xmc4.c ****   XMC_ASSERT("CLOCK_XMC4 APP handle function pointer uninitialized", (handle != NULL));
 101:../Dave/Generated/CLOCK_XMC4/clock_xmc4.c **** 
 102:../Dave/Generated/CLOCK_XMC4/clock_xmc4.c ****   handle->init_status = true;
 112              	 .loc 1 102 0
 113 000c 7B68     	 ldr r3,[r7,#4]
 114 000e 0122     	 movs r2,#1
 115 0010 1A70     	 strb r2,[r3]
 103:../Dave/Generated/CLOCK_XMC4/clock_xmc4.c **** 
 104:../Dave/Generated/CLOCK_XMC4/clock_xmc4.c ****   return (status);
 116              	 .loc 1 104 0
 117 0012 FB7B     	 ldrb r3,[r7,#15]
 105:../Dave/Generated/CLOCK_XMC4/clock_xmc4.c **** }
 118              	 .loc 1 105 0
 119 0014 1846     	 mov r0,r3
 120 0016 1437     	 adds r7,r7,#20
 121              	.LCFI9:
 122              	 .cfi_def_cfa_offset 4
 123 0018 BD46     	 mov sp,r7
 124              	.LCFI10:
 125              	 .cfi_def_cfa_register 13
 126              	 
 127 001a 5DF8047B 	 ldr r7,[sp],#4
 128              	.LCFI11:
 129              	 .cfi_restore 7
 130              	 .cfi_def_cfa_offset 0
 131 001e 7047     	 bx lr
 132              	 .cfi_endproc
 133              	.LFE188:
 135              	 .section .text.OSCHP_GetFrequency,"ax",%progbits
 136              	 .align 2
 137              	 .global OSCHP_GetFrequency
 138              	 .thumb
 139              	 .thumb_func
 141              	OSCHP_GetFrequency:
 142              	.LFB189:
 106:../Dave/Generated/CLOCK_XMC4/clock_xmc4.c **** 
 107:../Dave/Generated/CLOCK_XMC4/clock_xmc4.c **** #ifdef CLOCK_XMC4_OSCHP_ENABLED
 108:../Dave/Generated/CLOCK_XMC4/clock_xmc4.c **** /*  API to retrieve high precision external oscillator frequency */
 109:../Dave/Generated/CLOCK_XMC4/clock_xmc4.c **** uint32_t OSCHP_GetFrequency(void)
 110:../Dave/Generated/CLOCK_XMC4/clock_xmc4.c **** {
 143              	 .loc 1 110 0
 144              	 .cfi_startproc
 145              	 
 146              	 
 147              	 
 148 0000 80B4     	 push {r7}
 149              	.LCFI12:
 150              	 .cfi_def_cfa_offset 4
 151              	 .cfi_offset 7,-4
 152 0002 00AF     	 add r7,sp,#0
 153              	.LCFI13:
 154              	 .cfi_def_cfa_register 7
 111:../Dave/Generated/CLOCK_XMC4/clock_xmc4.c ****   return (CLOCK_XMC4_OSCHP_FREQUENCY);
 155              	 .loc 1 111 0
 156 0004 024B     	 ldr r3,.L7
 112:../Dave/Generated/CLOCK_XMC4/clock_xmc4.c **** }
 157              	 .loc 1 112 0
 158 0006 1846     	 mov r0,r3
 159 0008 BD46     	 mov sp,r7
 160              	.LCFI14:
 161              	 .cfi_def_cfa_register 13
 162              	 
 163 000a 5DF8047B 	 ldr r7,[sp],#4
 164              	.LCFI15:
 165              	 .cfi_restore 7
 166              	 .cfi_def_cfa_offset 0
 167 000e 7047     	 bx lr
 168              	.L8:
 169              	 .align 2
 170              	.L7:
 171 0010 001BB700 	 .word 12000000
 172              	 .cfi_endproc
 173              	.LFE189:
 175              	 .section .text.CLOCK_XMC4_StepSystemPllFrequency,"ax",%progbits
 176              	 .align 2
 177              	 .global CLOCK_XMC4_StepSystemPllFrequency
 178              	 .thumb
 179              	 .thumb_func
 181              	CLOCK_XMC4_StepSystemPllFrequency:
 182              	.LFB190:
 113:../Dave/Generated/CLOCK_XMC4/clock_xmc4.c **** #endif
 114:../Dave/Generated/CLOCK_XMC4/clock_xmc4.c **** 
 115:../Dave/Generated/CLOCK_XMC4/clock_xmc4.c **** /*  API for ramping down the system PLL clock frequency */
 116:../Dave/Generated/CLOCK_XMC4/clock_xmc4.c **** void CLOCK_XMC4_StepSystemPllFrequency(uint32_t kdiv)
 117:../Dave/Generated/CLOCK_XMC4/clock_xmc4.c **** {
 183              	 .loc 1 117 0
 184              	 .cfi_startproc
 185              	 
 186              	 
 187 0000 80B5     	 push {r7,lr}
 188              	.LCFI16:
 189              	 .cfi_def_cfa_offset 8
 190              	 .cfi_offset 7,-8
 191              	 .cfi_offset 14,-4
 192 0002 82B0     	 sub sp,sp,#8
 193              	.LCFI17:
 194              	 .cfi_def_cfa_offset 16
 195 0004 00AF     	 add r7,sp,#0
 196              	.LCFI18:
 197              	 .cfi_def_cfa_register 7
 198 0006 7860     	 str r0,[r7,#4]
 118:../Dave/Generated/CLOCK_XMC4/clock_xmc4.c ****   XMC_ASSERT("Incorrect kdiv value", ((kdiv >= 1) && (kdiv >= 128)));
 119:../Dave/Generated/CLOCK_XMC4/clock_xmc4.c ****   XMC_SCU_CLOCK_StepSystemPllFrequency(kdiv);
 199              	 .loc 1 119 0
 200 0008 7868     	 ldr r0,[r7,#4]
 201 000a FFF7FEFF 	 bl XMC_SCU_CLOCK_StepSystemPllFrequency
 120:../Dave/Generated/CLOCK_XMC4/clock_xmc4.c **** }
 202              	 .loc 1 120 0
 203 000e 0837     	 adds r7,r7,#8
 204              	.LCFI19:
 205              	 .cfi_def_cfa_offset 8
 206 0010 BD46     	 mov sp,r7
 207              	.LCFI20:
 208              	 .cfi_def_cfa_register 13
 209              	 
 210 0012 80BD     	 pop {r7,pc}
 211              	 .cfi_endproc
 212              	.LFE190:
 214              	 .text
 215              	.Letext0:
 216              	 .file 2 "c:\\tools\\dave-ide-4.4.2-64bit\\eclipse\\arm-gcc-49\\arm-none-eabi\\include\\machine\\_default_types.h"
 217              	 .file 3 "c:\\tools\\dave-ide-4.4.2-64bit\\eclipse\\arm-gcc-49\\arm-none-eabi\\include\\stdint.h"
 218              	 .file 4 "C:/Users/Admin/DaveWorkspaces/XMC4300_PWMTest/Dave/Generated/DAVE_Common.h"
 219              	 .file 5 "../Dave/Generated/CLOCK_XMC4/clock_xmc4.h"
 220              	 .file 6 "C:/Users/Admin/DaveWorkspaces/XMC4300_PWMTest/Libraries/CMSIS/Include/cmsis_gcc.h"
 221              	 .file 7 "C:/Users/Admin/DaveWorkspaces/XMC4300_PWMTest/Libraries/CMSIS/Include/core_cm4.h"
 222              	 .file 8 "C:/Users/Admin/DaveWorkspaces/XMC4300_PWMTest/Libraries/CMSIS/Infineon/XMC4300_series/Include/system_XMC4300.h"
DEFINED SYMBOLS
                            *ABS*:00000000 clock_xmc4.c
    {standard input}:20     .text.CLOCK_XMC4_GetAppVersion:00000000 $t
    {standard input}:25     .text.CLOCK_XMC4_GetAppVersion:00000000 CLOCK_XMC4_GetAppVersion
    {standard input}:86     .text.CLOCK_XMC4_Init:00000000 $t
    {standard input}:91     .text.CLOCK_XMC4_Init:00000000 CLOCK_XMC4_Init
    {standard input}:136    .text.OSCHP_GetFrequency:00000000 $t
    {standard input}:141    .text.OSCHP_GetFrequency:00000000 OSCHP_GetFrequency
    {standard input}:171    .text.OSCHP_GetFrequency:00000010 $d
    {standard input}:176    .text.CLOCK_XMC4_StepSystemPllFrequency:00000000 $t
    {standard input}:181    .text.CLOCK_XMC4_StepSystemPllFrequency:00000000 CLOCK_XMC4_StepSystemPllFrequency
                     .debug_frame:00000010 $d

UNDEFINED SYMBOLS
XMC_SCU_CLOCK_StepSystemPllFrequency
