   1              	 .syntax unified
   2              	 .cpu cortex-m4
   3              	 .eabi_attribute 27,3
   4              	 .fpu fpv4-sp-d16
   5              	 .eabi_attribute 20,1
   6              	 .eabi_attribute 21,1
   7              	 .eabi_attribute 23,3
   8              	 .eabi_attribute 24,1
   9              	 .eabi_attribute 25,1
  10              	 .eabi_attribute 26,1
  11              	 .eabi_attribute 30,6
  12              	 .eabi_attribute 34,1
  13              	 .eabi_attribute 18,4
  14              	 .thumb
  15              	 .file "xmc4_gpio.c"
  16              	 .text
  17              	.Ltext0:
  18              	 .cfi_sections .debug_frame
  19              	 .section .text.XMC_GPIO_Init,"ax",%progbits
  20              	 .align 2
  21              	 .global XMC_GPIO_Init
  22              	 .thumb
  23              	 .thumb_func
  25              	XMC_GPIO_Init:
  26              	.LFB147:
  27              	 .file 1 "../Libraries/XMCLib/src/xmc4_gpio.c"
   1:../Libraries/XMCLib/src/xmc4_gpio.c **** /**
   2:../Libraries/XMCLib/src/xmc4_gpio.c ****  * @file xmc4_gpio.c
   3:../Libraries/XMCLib/src/xmc4_gpio.c ****  * @date 2017-09-15
   4:../Libraries/XMCLib/src/xmc4_gpio.c ****  *
   5:../Libraries/XMCLib/src/xmc4_gpio.c ****  * @cond
   6:../Libraries/XMCLib/src/xmc4_gpio.c ****  **************************************************************************************************
   7:../Libraries/XMCLib/src/xmc4_gpio.c ****  * XMClib v2.1.24 - XMC Peripheral Driver Library 
   8:../Libraries/XMCLib/src/xmc4_gpio.c ****  *
   9:../Libraries/XMCLib/src/xmc4_gpio.c ****  * Copyright (c) 2015-2019, Infineon Technologies AG
  10:../Libraries/XMCLib/src/xmc4_gpio.c ****  * All rights reserved.                        
  11:../Libraries/XMCLib/src/xmc4_gpio.c ****  *                                             
  12:../Libraries/XMCLib/src/xmc4_gpio.c ****  * Redistribution and use in source and binary forms, with or without modification,are permitted pr
  13:../Libraries/XMCLib/src/xmc4_gpio.c ****  * following conditions are met:   
  14:../Libraries/XMCLib/src/xmc4_gpio.c ****  *                                                                              
  15:../Libraries/XMCLib/src/xmc4_gpio.c ****  * Redistributions of source code must retain the above copyright notice, this list of conditions a
  16:../Libraries/XMCLib/src/xmc4_gpio.c ****  * disclaimer.                        
  17:../Libraries/XMCLib/src/xmc4_gpio.c ****  * 
  18:../Libraries/XMCLib/src/xmc4_gpio.c ****  * Redistributions in binary form must reproduce the above copyright notice, this list of condition
  19:../Libraries/XMCLib/src/xmc4_gpio.c ****  * disclaimer in the documentation and/or other materials provided with the distribution.          
  20:../Libraries/XMCLib/src/xmc4_gpio.c ****  * 
  21:../Libraries/XMCLib/src/xmc4_gpio.c ****  * Neither the name of the copyright holders nor the names of its contributors may be used to endor
  22:../Libraries/XMCLib/src/xmc4_gpio.c ****  * products derived from this software without specific prior written permission.                  
  23:../Libraries/XMCLib/src/xmc4_gpio.c ****  *                                                                              
  24:../Libraries/XMCLib/src/xmc4_gpio.c ****  * THIS SOFTWARE IS PROVIDED BY THE COPYRIGHT HOLDERS AND CONTRIBUTORS "AS IS" AND ANY EXPRESS OR I
  25:../Libraries/XMCLib/src/xmc4_gpio.c ****  * INCLUDING, BUT NOT LIMITED TO, THE IMPLIED WARRANTIES OF MERCHANTABILITY AND FITNESS FOR A PARTI
  26:../Libraries/XMCLib/src/xmc4_gpio.c ****  * DISCLAIMED. IN NO EVENT SHALL THE COPYRIGHT HOLDER OR CONTRIBUTORS BE LIABLE  FOR ANY DIRECT, IN
  27:../Libraries/XMCLib/src/xmc4_gpio.c ****  * SPECIAL, EXEMPLARY, OR CONSEQUENTIAL DAMAGES (INCLUDING, BUT NOT LIMITED TO, PROCUREMENT OF SUBS
  28:../Libraries/XMCLib/src/xmc4_gpio.c ****  * SERVICES; LOSS OF USE, DATA, OR PROFITS; OR BUSINESS INTERRUPTION) HOWEVER CAUSED AND ON ANY THE
  29:../Libraries/XMCLib/src/xmc4_gpio.c ****  * WHETHER IN CONTRACT, STRICT LIABILITY,OR TORT (INCLUDING NEGLIGENCE OR OTHERWISE) ARISING IN ANY
  30:../Libraries/XMCLib/src/xmc4_gpio.c ****  * OF THIS SOFTWARE, EVEN IF ADVISED OF THE POSSIBILITY OF SUCH DAMAGE.                            
  31:../Libraries/XMCLib/src/xmc4_gpio.c ****  *                                                                              
  32:../Libraries/XMCLib/src/xmc4_gpio.c ****  * To improve the quality of the software, users are encouraged to share modifications, enhancement
  33:../Libraries/XMCLib/src/xmc4_gpio.c ****  * Infineon Technologies AG dave@infineon.com).                                                    
  34:../Libraries/XMCLib/src/xmc4_gpio.c ****  **************************************************************************************************
  35:../Libraries/XMCLib/src/xmc4_gpio.c ****  *
  36:../Libraries/XMCLib/src/xmc4_gpio.c ****  * Change History
  37:../Libraries/XMCLib/src/xmc4_gpio.c ****  * --------------
  38:../Libraries/XMCLib/src/xmc4_gpio.c ****  *
  39:../Libraries/XMCLib/src/xmc4_gpio.c ****  * 2015-02-20:
  40:../Libraries/XMCLib/src/xmc4_gpio.c ****  *     - Initial draft <br>
  41:../Libraries/XMCLib/src/xmc4_gpio.c ****  *      
  42:../Libraries/XMCLib/src/xmc4_gpio.c ****  * 2015-06-20:
  43:../Libraries/XMCLib/src/xmc4_gpio.c ****  *     - Removed version macros and declaration of GetDriverVersion API
  44:../Libraries/XMCLib/src/xmc4_gpio.c ****  *
  45:../Libraries/XMCLib/src/xmc4_gpio.c ****  * 2017-09-15:
  46:../Libraries/XMCLib/src/xmc4_gpio.c ****  *     - Fix side effects on output level when programming a pin as input after the same pin in ano
  47:../Libraries/XMCLib/src/xmc4_gpio.c ****  *  
  48:../Libraries/XMCLib/src/xmc4_gpio.c ****  * @endcond
  49:../Libraries/XMCLib/src/xmc4_gpio.c ****  *
  50:../Libraries/XMCLib/src/xmc4_gpio.c ****  */
  51:../Libraries/XMCLib/src/xmc4_gpio.c **** 
  52:../Libraries/XMCLib/src/xmc4_gpio.c **** #include "xmc_gpio.h"
  53:../Libraries/XMCLib/src/xmc4_gpio.c **** 
  54:../Libraries/XMCLib/src/xmc4_gpio.c **** #if UC_FAMILY == XMC4
  55:../Libraries/XMCLib/src/xmc4_gpio.c **** 
  56:../Libraries/XMCLib/src/xmc4_gpio.c **** /*******************************************************************************
  57:../Libraries/XMCLib/src/xmc4_gpio.c ****  * MACROS
  58:../Libraries/XMCLib/src/xmc4_gpio.c ****  *******************************************************************************/
  59:../Libraries/XMCLib/src/xmc4_gpio.c **** 
  60:../Libraries/XMCLib/src/xmc4_gpio.c **** #define PORT_PDR_Msk              PORT0_PDR0_PD0_Msk
  61:../Libraries/XMCLib/src/xmc4_gpio.c **** #define PORT_PDR_Size             (4U)
  62:../Libraries/XMCLib/src/xmc4_gpio.c **** #define PORT_HWSEL_Msk            PORT0_HWSEL_HW0_Msk
  63:../Libraries/XMCLib/src/xmc4_gpio.c **** #define XMC_GPIO_MODE_OE          XMC_GPIO_MODE_OUTPUT_PUSH_PULL
  64:../Libraries/XMCLib/src/xmc4_gpio.c **** 
  65:../Libraries/XMCLib/src/xmc4_gpio.c **** /*******************************************************************************
  66:../Libraries/XMCLib/src/xmc4_gpio.c ****  * API IMPLEMENTATION
  67:../Libraries/XMCLib/src/xmc4_gpio.c ****  *******************************************************************************/
  68:../Libraries/XMCLib/src/xmc4_gpio.c **** 
  69:../Libraries/XMCLib/src/xmc4_gpio.c **** void XMC_GPIO_Init(XMC_GPIO_PORT_t *const port, const uint8_t pin, const XMC_GPIO_CONFIG_t *const c
  70:../Libraries/XMCLib/src/xmc4_gpio.c **** {
  28              	 .loc 1 70 0
  29              	 .cfi_startproc
  30              	 
  31              	 
  32              	 
  33 0000 80B4     	 push {r7}
  34              	.LCFI0:
  35              	 .cfi_def_cfa_offset 4
  36              	 .cfi_offset 7,-4
  37 0002 85B0     	 sub sp,sp,#20
  38              	.LCFI1:
  39              	 .cfi_def_cfa_offset 24
  40 0004 00AF     	 add r7,sp,#0
  41              	.LCFI2:
  42              	 .cfi_def_cfa_register 7
  43 0006 F860     	 str r0,[r7,#12]
  44 0008 0B46     	 mov r3,r1
  45 000a 7A60     	 str r2,[r7,#4]
  46 000c FB72     	 strb r3,[r7,#11]
  71:../Libraries/XMCLib/src/xmc4_gpio.c ****   XMC_ASSERT("XMC_GPIO_Init: Invalid port", XMC_GPIO_CHECK_PORT(port));
  72:../Libraries/XMCLib/src/xmc4_gpio.c ****   XMC_ASSERT("XMC_GPIO_Init: Invalid mode", XMC_GPIO_IsModeValid(config->mode));
  73:../Libraries/XMCLib/src/xmc4_gpio.c ****  
  74:../Libraries/XMCLib/src/xmc4_gpio.c ****   /* Switch to input */
  75:../Libraries/XMCLib/src/xmc4_gpio.c ****   port->IOCR[pin >> 2U] &= (uint32_t)~(PORT_IOCR_PC_Msk << (PORT_IOCR_PC_Size * (pin & 0x3U)));
  47              	 .loc 1 75 0
  48 000e FB7A     	 ldrb r3,[r7,#11]
  49 0010 9B08     	 lsrs r3,r3,#2
  50 0012 DBB2     	 uxtb r3,r3
  51 0014 1846     	 mov r0,r3
  52 0016 FB7A     	 ldrb r3,[r7,#11]
  53 0018 9B08     	 lsrs r3,r3,#2
  54 001a DBB2     	 uxtb r3,r3
  55 001c 1A46     	 mov r2,r3
  56 001e FB68     	 ldr r3,[r7,#12]
  57 0020 0432     	 adds r2,r2,#4
  58 0022 53F82220 	 ldr r2,[r3,r2,lsl#2]
  59 0026 FB7A     	 ldrb r3,[r7,#11]
  60 0028 03F00303 	 and r3,r3,#3
  61 002c DB00     	 lsls r3,r3,#3
  62 002e 1946     	 mov r1,r3
  63 0030 F823     	 movs r3,#248
  64 0032 8B40     	 lsls r3,r3,r1
  65 0034 DB43     	 mvns r3,r3
  66 0036 02EA0301 	 and r1,r2,r3
  67 003a FB68     	 ldr r3,[r7,#12]
  68 003c 021D     	 adds r2,r0,#4
  69 003e 43F82210 	 str r1,[r3,r2,lsl#2]
  76:../Libraries/XMCLib/src/xmc4_gpio.c **** 
  77:../Libraries/XMCLib/src/xmc4_gpio.c ****   /* HW port control is disabled */
  78:../Libraries/XMCLib/src/xmc4_gpio.c ****   port->HWSEL &= ~(uint32_t)((uint32_t)PORT_HWSEL_Msk << ((uint32_t)pin << 1U));
  70              	 .loc 1 78 0
  71 0042 FB68     	 ldr r3,[r7,#12]
  72 0044 5A6F     	 ldr r2,[r3,#116]
  73 0046 FB7A     	 ldrb r3,[r7,#11]
  74 0048 5B00     	 lsls r3,r3,#1
  75 004a 1946     	 mov r1,r3
  76 004c 0323     	 movs r3,#3
  77 004e 8B40     	 lsls r3,r3,r1
  78 0050 DB43     	 mvns r3,r3
  79 0052 1A40     	 ands r2,r2,r3
  80 0054 FB68     	 ldr r3,[r7,#12]
  81 0056 5A67     	 str r2,[r3,#116]
  79:../Libraries/XMCLib/src/xmc4_gpio.c **** 
  80:../Libraries/XMCLib/src/xmc4_gpio.c **** 
  81:../Libraries/XMCLib/src/xmc4_gpio.c ****   /* Enable digital input */
  82:../Libraries/XMCLib/src/xmc4_gpio.c ****   if (XMC_GPIO_CHECK_ANALOG_PORT(port))
  82              	 .loc 1 82 0
  83 0058 FB68     	 ldr r3,[r7,#12]
  84 005a 3A4A     	 ldr r2,.L5
  85 005c 9342     	 cmp r3,r2
  86 005e 03D0     	 beq .L2
  87              	 .loc 1 82 0 is_stmt 0 discriminator 1
  88 0060 FB68     	 ldr r3,[r7,#12]
  89 0062 394A     	 ldr r2,.L5+4
  90 0064 9342     	 cmp r3,r2
  91 0066 0AD1     	 bne .L3
  92              	.L2:
  83:../Libraries/XMCLib/src/xmc4_gpio.c ****   {
  84:../Libraries/XMCLib/src/xmc4_gpio.c ****     port->PDISC &= ~(uint32_t)((uint32_t)0x1U << pin);
  93              	 .loc 1 84 0 is_stmt 1
  94 0068 FB68     	 ldr r3,[r7,#12]
  95 006a 1A6E     	 ldr r2,[r3,#96]
  96 006c FB7A     	 ldrb r3,[r7,#11]
  97 006e 0121     	 movs r1,#1
  98 0070 01FA03F3 	 lsl r3,r1,r3
  99 0074 DB43     	 mvns r3,r3
 100 0076 1A40     	 ands r2,r2,r3
 101 0078 FB68     	 ldr r3,[r7,#12]
 102 007a 1A66     	 str r2,[r3,#96]
 103 007c 42E0     	 b .L4
 104              	.L3:
  85:../Libraries/XMCLib/src/xmc4_gpio.c ****   }
  86:../Libraries/XMCLib/src/xmc4_gpio.c ****   else
  87:../Libraries/XMCLib/src/xmc4_gpio.c ****   {
  88:../Libraries/XMCLib/src/xmc4_gpio.c ****     if ((config->mode & XMC_GPIO_MODE_OE) != 0)
 105              	 .loc 1 88 0
 106 007e 7B68     	 ldr r3,[r7,#4]
 107 0080 1B78     	 ldrb r3,[r3]
 108 0082 DBB2     	 uxtb r3,r3
 109 0084 5BB2     	 sxtb r3,r3
 110 0086 002B     	 cmp r3,#0
 111 0088 3CDA     	 bge .L4
  89:../Libraries/XMCLib/src/xmc4_gpio.c ****     {
  90:../Libraries/XMCLib/src/xmc4_gpio.c ****       /* If output is enabled */
  91:../Libraries/XMCLib/src/xmc4_gpio.c **** 
  92:../Libraries/XMCLib/src/xmc4_gpio.c ****       /* Set output level */
  93:../Libraries/XMCLib/src/xmc4_gpio.c ****       port->OMR = (uint32_t)config->output_level << pin;
 112              	 .loc 1 93 0
 113 008a 7B68     	 ldr r3,[r7,#4]
 114 008c 5A68     	 ldr r2,[r3,#4]
 115 008e FB7A     	 ldrb r3,[r7,#11]
 116 0090 9A40     	 lsls r2,r2,r3
 117 0092 FB68     	 ldr r3,[r7,#12]
 118 0094 5A60     	 str r2,[r3,#4]
  94:../Libraries/XMCLib/src/xmc4_gpio.c **** 
  95:../Libraries/XMCLib/src/xmc4_gpio.c ****       /* Set output driver strength */
  96:../Libraries/XMCLib/src/xmc4_gpio.c ****       port->PDR[pin >> 3U] &= (uint32_t)~(PORT_PDR_Msk << ((uint32_t)PORT_PDR_Size * ((uint32_t)pin
 119              	 .loc 1 96 0
 120 0096 FB7A     	 ldrb r3,[r7,#11]
 121 0098 DB08     	 lsrs r3,r3,#3
 122 009a DBB2     	 uxtb r3,r3
 123 009c 1846     	 mov r0,r3
 124 009e FB7A     	 ldrb r3,[r7,#11]
 125 00a0 DB08     	 lsrs r3,r3,#3
 126 00a2 DBB2     	 uxtb r3,r3
 127 00a4 1A46     	 mov r2,r3
 128 00a6 FB68     	 ldr r3,[r7,#12]
 129 00a8 1032     	 adds r2,r2,#16
 130 00aa 53F82220 	 ldr r2,[r3,r2,lsl#2]
 131 00ae FB7A     	 ldrb r3,[r7,#11]
 132 00b0 03F00703 	 and r3,r3,#7
 133 00b4 9B00     	 lsls r3,r3,#2
 134 00b6 1946     	 mov r1,r3
 135 00b8 0723     	 movs r3,#7
 136 00ba 8B40     	 lsls r3,r3,r1
 137 00bc DB43     	 mvns r3,r3
 138 00be 02EA0301 	 and r1,r2,r3
 139 00c2 FB68     	 ldr r3,[r7,#12]
 140 00c4 00F11002 	 add r2,r0,#16
 141 00c8 43F82210 	 str r1,[r3,r2,lsl#2]
  97:../Libraries/XMCLib/src/xmc4_gpio.c ****       port->PDR[pin >> 3U] |= (uint32_t)config->output_strength << ((uint32_t)PORT_PDR_Size * ((uin
 142              	 .loc 1 97 0
 143 00cc FB7A     	 ldrb r3,[r7,#11]
 144 00ce DB08     	 lsrs r3,r3,#3
 145 00d0 DBB2     	 uxtb r3,r3
 146 00d2 1846     	 mov r0,r3
 147 00d4 FB7A     	 ldrb r3,[r7,#11]
 148 00d6 DB08     	 lsrs r3,r3,#3
 149 00d8 DBB2     	 uxtb r3,r3
 150 00da 1A46     	 mov r2,r3
 151 00dc FB68     	 ldr r3,[r7,#12]
 152 00de 1032     	 adds r2,r2,#16
 153 00e0 53F82220 	 ldr r2,[r3,r2,lsl#2]
 154 00e4 7B68     	 ldr r3,[r7,#4]
 155 00e6 1B7A     	 ldrb r3,[r3,#8]
 156 00e8 1946     	 mov r1,r3
 157 00ea FB7A     	 ldrb r3,[r7,#11]
 158 00ec 03F00703 	 and r3,r3,#7
 159 00f0 9B00     	 lsls r3,r3,#2
 160 00f2 01FA03F3 	 lsl r3,r1,r3
 161 00f6 42EA0301 	 orr r1,r2,r3
 162 00fa FB68     	 ldr r3,[r7,#12]
 163 00fc 00F11002 	 add r2,r0,#16
 164 0100 43F82210 	 str r1,[r3,r2,lsl#2]
 165              	.L4:
  98:../Libraries/XMCLib/src/xmc4_gpio.c ****     }
  99:../Libraries/XMCLib/src/xmc4_gpio.c ****   }
 100:../Libraries/XMCLib/src/xmc4_gpio.c **** 
 101:../Libraries/XMCLib/src/xmc4_gpio.c ****   /* Set mode */
 102:../Libraries/XMCLib/src/xmc4_gpio.c ****   port->IOCR[pin >> 2U] |= (uint32_t)config->mode << ((uint32_t)PORT_IOCR_PC_Size * ((uint32_t)pin 
 166              	 .loc 1 102 0
 167 0104 FB7A     	 ldrb r3,[r7,#11]
 168 0106 9B08     	 lsrs r3,r3,#2
 169 0108 DBB2     	 uxtb r3,r3
 170 010a 1846     	 mov r0,r3
 171 010c FB7A     	 ldrb r3,[r7,#11]
 172 010e 9B08     	 lsrs r3,r3,#2
 173 0110 DBB2     	 uxtb r3,r3
 174 0112 1A46     	 mov r2,r3
 175 0114 FB68     	 ldr r3,[r7,#12]
 176 0116 0432     	 adds r2,r2,#4
 177 0118 53F82220 	 ldr r2,[r3,r2,lsl#2]
 178 011c 7B68     	 ldr r3,[r7,#4]
 179 011e 1B78     	 ldrb r3,[r3]
 180 0120 1946     	 mov r1,r3
 181 0122 FB7A     	 ldrb r3,[r7,#11]
 182 0124 03F00303 	 and r3,r3,#3
 183 0128 DB00     	 lsls r3,r3,#3
 184 012a 01FA03F3 	 lsl r3,r1,r3
 185 012e 42EA0301 	 orr r1,r2,r3
 186 0132 FB68     	 ldr r3,[r7,#12]
 187 0134 021D     	 adds r2,r0,#4
 188 0136 43F82210 	 str r1,[r3,r2,lsl#2]
 103:../Libraries/XMCLib/src/xmc4_gpio.c **** }
 189              	 .loc 1 103 0
 190 013a 1437     	 adds r7,r7,#20
 191              	.LCFI3:
 192              	 .cfi_def_cfa_offset 4
 193 013c BD46     	 mov sp,r7
 194              	.LCFI4:
 195              	 .cfi_def_cfa_register 13
 196              	 
 197 013e 5DF8047B 	 ldr r7,[sp],#4
 198              	.LCFI5:
 199              	 .cfi_restore 7
 200              	 .cfi_def_cfa_offset 0
 201 0142 7047     	 bx lr
 202              	.L6:
 203              	 .align 2
 204              	.L5:
 205 0144 008E0248 	 .word 1208126976
 206 0148 008F0248 	 .word 1208127232
 207              	 .cfi_endproc
 208              	.LFE147:
 210              	 .section .text.XMC_GPIO_SetOutputStrength,"ax",%progbits
 211              	 .align 2
 212              	 .global XMC_GPIO_SetOutputStrength
 213              	 .thumb
 214              	 .thumb_func
 216              	XMC_GPIO_SetOutputStrength:
 217              	.LFB148:
 104:../Libraries/XMCLib/src/xmc4_gpio.c **** 
 105:../Libraries/XMCLib/src/xmc4_gpio.c **** void XMC_GPIO_SetOutputStrength(XMC_GPIO_PORT_t *const port, const uint8_t pin, XMC_GPIO_OUTPUT_STR
 106:../Libraries/XMCLib/src/xmc4_gpio.c **** {
 218              	 .loc 1 106 0
 219              	 .cfi_startproc
 220              	 
 221              	 
 222              	 
 223 0000 80B4     	 push {r7}
 224              	.LCFI6:
 225              	 .cfi_def_cfa_offset 4
 226              	 .cfi_offset 7,-4
 227 0002 83B0     	 sub sp,sp,#12
 228              	.LCFI7:
 229              	 .cfi_def_cfa_offset 16
 230 0004 00AF     	 add r7,sp,#0
 231              	.LCFI8:
 232              	 .cfi_def_cfa_register 7
 233 0006 7860     	 str r0,[r7,#4]
 234 0008 0B46     	 mov r3,r1
 235 000a FB70     	 strb r3,[r7,#3]
 236 000c 1346     	 mov r3,r2
 237 000e BB70     	 strb r3,[r7,#2]
 107:../Libraries/XMCLib/src/xmc4_gpio.c ****   XMC_ASSERT("XMC_GPIO_Init: Invalid port", XMC_GPIO_CHECK_OUTPUT_PORT(port));
 108:../Libraries/XMCLib/src/xmc4_gpio.c ****   XMC_ASSERT("XMC_GPIO_Init: Invalid output strength", XMC_GPIO_CHECK_OUTPUT_STRENGTH(strength));
 109:../Libraries/XMCLib/src/xmc4_gpio.c **** 
 110:../Libraries/XMCLib/src/xmc4_gpio.c ****   port->PDR[pin >> 3U] &= (uint32_t)~((uint32_t)PORT_PDR_Msk << ((uint32_t)PORT_PDR_Size * ((uint32
 238              	 .loc 1 110 0
 239 0010 FB78     	 ldrb r3,[r7,#3]
 240 0012 DB08     	 lsrs r3,r3,#3
 241 0014 DBB2     	 uxtb r3,r3
 242 0016 1846     	 mov r0,r3
 243 0018 FB78     	 ldrb r3,[r7,#3]
 244 001a DB08     	 lsrs r3,r3,#3
 245 001c DBB2     	 uxtb r3,r3
 246 001e 1A46     	 mov r2,r3
 247 0020 7B68     	 ldr r3,[r7,#4]
 248 0022 1032     	 adds r2,r2,#16
 249 0024 53F82220 	 ldr r2,[r3,r2,lsl#2]
 250 0028 FB78     	 ldrb r3,[r7,#3]
 251 002a 03F00703 	 and r3,r3,#7
 252 002e 9B00     	 lsls r3,r3,#2
 253 0030 1946     	 mov r1,r3
 254 0032 0723     	 movs r3,#7
 255 0034 8B40     	 lsls r3,r3,r1
 256 0036 DB43     	 mvns r3,r3
 257 0038 02EA0301 	 and r1,r2,r3
 258 003c 7B68     	 ldr r3,[r7,#4]
 259 003e 00F11002 	 add r2,r0,#16
 260 0042 43F82210 	 str r1,[r3,r2,lsl#2]
 111:../Libraries/XMCLib/src/xmc4_gpio.c ****   port->PDR[pin >> 3U] |= (uint32_t)strength << ((uint32_t)PORT_PDR_Size * ((uint32_t)pin & 0x7U));
 261              	 .loc 1 111 0
 262 0046 FB78     	 ldrb r3,[r7,#3]
 263 0048 DB08     	 lsrs r3,r3,#3
 264 004a DBB2     	 uxtb r3,r3
 265 004c 1846     	 mov r0,r3
 266 004e FB78     	 ldrb r3,[r7,#3]
 267 0050 DB08     	 lsrs r3,r3,#3
 268 0052 DBB2     	 uxtb r3,r3
 269 0054 1A46     	 mov r2,r3
 270 0056 7B68     	 ldr r3,[r7,#4]
 271 0058 1032     	 adds r2,r2,#16
 272 005a 53F82220 	 ldr r2,[r3,r2,lsl#2]
 273 005e BB78     	 ldrb r3,[r7,#2]
 274 0060 F978     	 ldrb r1,[r7,#3]
 275 0062 01F00701 	 and r1,r1,#7
 276 0066 8900     	 lsls r1,r1,#2
 277 0068 8B40     	 lsls r3,r3,r1
 278 006a 42EA0301 	 orr r1,r2,r3
 279 006e 7B68     	 ldr r3,[r7,#4]
 280 0070 00F11002 	 add r2,r0,#16
 281 0074 43F82210 	 str r1,[r3,r2,lsl#2]
 112:../Libraries/XMCLib/src/xmc4_gpio.c **** }
 282              	 .loc 1 112 0
 283 0078 0C37     	 adds r7,r7,#12
 284              	.LCFI9:
 285              	 .cfi_def_cfa_offset 4
 286 007a BD46     	 mov sp,r7
 287              	.LCFI10:
 288              	 .cfi_def_cfa_register 13
 289              	 
 290 007c 5DF8047B 	 ldr r7,[sp],#4
 291              	.LCFI11:
 292              	 .cfi_restore 7
 293              	 .cfi_def_cfa_offset 0
 294 0080 7047     	 bx lr
 295              	 .cfi_endproc
 296              	.LFE148:
 298 0082 00BF     	 .text
 299              	.Letext0:
 300              	 .file 2 "c:\\tools\\dave-ide-4.4.2-64bit\\eclipse\\arm-gcc-49\\arm-none-eabi\\include\\machine\\_default_types.h"
 301              	 .file 3 "c:\\tools\\dave-ide-4.4.2-64bit\\eclipse\\arm-gcc-49\\arm-none-eabi\\include\\stdint.h"
 302              	 .file 4 "C:/Users/Admin/DaveWorkspaces/XMC4300_Motor_Controller/Libraries/XMCLib/inc/xmc_gpio.h"
 303              	 .file 5 "C:/Users/Admin/DaveWorkspaces/XMC4300_Motor_Controller/Libraries/XMCLib/inc/xmc4_gpio.h"
 304              	 .file 6 "C:/Users/Admin/DaveWorkspaces/XMC4300_Motor_Controller/Libraries/CMSIS/Include/cmsis_gcc.h"
 305              	 .file 7 "C:/Users/Admin/DaveWorkspaces/XMC4300_Motor_Controller/Libraries/CMSIS/Include/core_cm4.h"
DEFINED SYMBOLS
                            *ABS*:00000000 xmc4_gpio.c
    {standard input}:20     .text.XMC_GPIO_Init:00000000 $t
    {standard input}:25     .text.XMC_GPIO_Init:00000000 XMC_GPIO_Init
    {standard input}:205    .text.XMC_GPIO_Init:00000144 $d
    {standard input}:211    .text.XMC_GPIO_SetOutputStrength:00000000 $t
    {standard input}:216    .text.XMC_GPIO_SetOutputStrength:00000000 XMC_GPIO_SetOutputStrength
                     .debug_frame:00000010 $d

NO UNDEFINED SYMBOLS
