   1              	 .syntax unified
   2              	 .cpu cortex-m4
   3              	 .eabi_attribute 27,3
   4              	 .fpu fpv4-sp-d16
   5              	 .eabi_attribute 20,1
   6              	 .eabi_attribute 21,1
   7              	 .eabi_attribute 23,3
   8              	 .eabi_attribute 24,1
   9              	 .eabi_attribute 25,1
  10              	 .eabi_attribute 26,1
  11              	 .eabi_attribute 30,6
  12              	 .eabi_attribute 34,1
  13              	 .eabi_attribute 18,4
  14              	 .thumb
  15              	 .file "xmc_common.c"
  16              	 .text
  17              	.Ltext0:
  18              	 .cfi_sections .debug_frame
  19              	 .section .text.XMC_PRIOARRAY_GetHead,"ax",%progbits
  20              	 .align 2
  21              	 .thumb
  22              	 .thumb_func
  24              	XMC_PRIOARRAY_GetHead:
  25              	.LFB132:
  26              	 .file 1 "C:/Users/Admin/DaveWorkspaces/XMC4300_PWMTest/Libraries/XMCLib/inc/xmc_common.h"
   1:C:/Users/Admin/DaveWorkspaces/XMC4300_PWMTest/Libraries/XMCLib/inc\xmc_common.h **** /**
   2:C:/Users/Admin/DaveWorkspaces/XMC4300_PWMTest/Libraries/XMCLib/inc\xmc_common.h ****  * @file xmc_common.h
   3:C:/Users/Admin/DaveWorkspaces/XMC4300_PWMTest/Libraries/XMCLib/inc\xmc_common.h ****  * @date 2019-07-12
   4:C:/Users/Admin/DaveWorkspaces/XMC4300_PWMTest/Libraries/XMCLib/inc\xmc_common.h ****  *
   5:C:/Users/Admin/DaveWorkspaces/XMC4300_PWMTest/Libraries/XMCLib/inc\xmc_common.h ****  * @cond
   6:C:/Users/Admin/DaveWorkspaces/XMC4300_PWMTest/Libraries/XMCLib/inc\xmc_common.h ****   *************************************************************************************************
   7:C:/Users/Admin/DaveWorkspaces/XMC4300_PWMTest/Libraries/XMCLib/inc\xmc_common.h ****  * XMClib v2.1.24 - XMC Peripheral Driver Library 
   8:C:/Users/Admin/DaveWorkspaces/XMC4300_PWMTest/Libraries/XMCLib/inc\xmc_common.h ****  *
   9:C:/Users/Admin/DaveWorkspaces/XMC4300_PWMTest/Libraries/XMCLib/inc\xmc_common.h ****  * Copyright (c) 2015-2019, Infineon Technologies AG
  10:C:/Users/Admin/DaveWorkspaces/XMC4300_PWMTest/Libraries/XMCLib/inc\xmc_common.h ****  * All rights reserved.                        
  11:C:/Users/Admin/DaveWorkspaces/XMC4300_PWMTest/Libraries/XMCLib/inc\xmc_common.h ****  *                                             
  12:C:/Users/Admin/DaveWorkspaces/XMC4300_PWMTest/Libraries/XMCLib/inc\xmc_common.h ****  * Redistribution and use in source and binary forms, with or without modification,are permitted pr
  13:C:/Users/Admin/DaveWorkspaces/XMC4300_PWMTest/Libraries/XMCLib/inc\xmc_common.h ****  * following conditions are met:   
  14:C:/Users/Admin/DaveWorkspaces/XMC4300_PWMTest/Libraries/XMCLib/inc\xmc_common.h ****  *                                                                              
  15:C:/Users/Admin/DaveWorkspaces/XMC4300_PWMTest/Libraries/XMCLib/inc\xmc_common.h ****  * Redistributions of source code must retain the above copyright notice, this list of conditions a
  16:C:/Users/Admin/DaveWorkspaces/XMC4300_PWMTest/Libraries/XMCLib/inc\xmc_common.h ****  * disclaimer.                        
  17:C:/Users/Admin/DaveWorkspaces/XMC4300_PWMTest/Libraries/XMCLib/inc\xmc_common.h ****  * 
  18:C:/Users/Admin/DaveWorkspaces/XMC4300_PWMTest/Libraries/XMCLib/inc\xmc_common.h ****  * Redistributions in binary form must reproduce the above copyright notice, this list of condition
  19:C:/Users/Admin/DaveWorkspaces/XMC4300_PWMTest/Libraries/XMCLib/inc\xmc_common.h ****  * disclaimer in the documentation and/or other materials provided with the distribution.          
  20:C:/Users/Admin/DaveWorkspaces/XMC4300_PWMTest/Libraries/XMCLib/inc\xmc_common.h ****  * 
  21:C:/Users/Admin/DaveWorkspaces/XMC4300_PWMTest/Libraries/XMCLib/inc\xmc_common.h ****  * Neither the name of the copyright holders nor the names of its contributors may be used to endor
  22:C:/Users/Admin/DaveWorkspaces/XMC4300_PWMTest/Libraries/XMCLib/inc\xmc_common.h ****  * products derived from this software without specific prior written permission.                  
  23:C:/Users/Admin/DaveWorkspaces/XMC4300_PWMTest/Libraries/XMCLib/inc\xmc_common.h ****  *                                                                              
  24:C:/Users/Admin/DaveWorkspaces/XMC4300_PWMTest/Libraries/XMCLib/inc\xmc_common.h ****  * THIS SOFTWARE IS PROVIDED BY THE COPYRIGHT HOLDERS AND CONTRIBUTORS "AS IS" AND ANY EXPRESS OR I
  25:C:/Users/Admin/DaveWorkspaces/XMC4300_PWMTest/Libraries/XMCLib/inc\xmc_common.h ****  * INCLUDING, BUT NOT LIMITED TO, THE IMPLIED WARRANTIES OF MERCHANTABILITY AND FITNESS FOR A PARTI
  26:C:/Users/Admin/DaveWorkspaces/XMC4300_PWMTest/Libraries/XMCLib/inc\xmc_common.h ****  * DISCLAIMED. IN NO EVENT SHALL THE COPYRIGHT HOLDER OR CONTRIBUTORS BE LIABLE  FOR ANY DIRECT, IN
  27:C:/Users/Admin/DaveWorkspaces/XMC4300_PWMTest/Libraries/XMCLib/inc\xmc_common.h ****  * SPECIAL, EXEMPLARY, OR CONSEQUENTIAL DAMAGES (INCLUDING, BUT NOT LIMITED TO, PROCUREMENT OF SUBS
  28:C:/Users/Admin/DaveWorkspaces/XMC4300_PWMTest/Libraries/XMCLib/inc\xmc_common.h ****  * SERVICES; LOSS OF USE, DATA, OR PROFITS; OR BUSINESS INTERRUPTION) HOWEVER CAUSED AND ON ANY THE
  29:C:/Users/Admin/DaveWorkspaces/XMC4300_PWMTest/Libraries/XMCLib/inc\xmc_common.h ****  * WHETHER IN CONTRACT, STRICT LIABILITY,OR TORT (INCLUDING NEGLIGENCE OR OTHERWISE) ARISING IN ANY
  30:C:/Users/Admin/DaveWorkspaces/XMC4300_PWMTest/Libraries/XMCLib/inc\xmc_common.h ****  * OF THIS SOFTWARE, EVEN IF ADVISED OF THE POSSIBILITY OF SUCH DAMAGE.                            
  31:C:/Users/Admin/DaveWorkspaces/XMC4300_PWMTest/Libraries/XMCLib/inc\xmc_common.h ****  *                                                                              
  32:C:/Users/Admin/DaveWorkspaces/XMC4300_PWMTest/Libraries/XMCLib/inc\xmc_common.h ****  * To improve the quality of the software, users are encouraged to share modifications, enhancement
  33:C:/Users/Admin/DaveWorkspaces/XMC4300_PWMTest/Libraries/XMCLib/inc\xmc_common.h ****  * Infineon Technologies AG dave@infineon.com).                                                    
  34:C:/Users/Admin/DaveWorkspaces/XMC4300_PWMTest/Libraries/XMCLib/inc\xmc_common.h ****  **************************************************************************************************
  35:C:/Users/Admin/DaveWorkspaces/XMC4300_PWMTest/Libraries/XMCLib/inc\xmc_common.h ****  *
  36:C:/Users/Admin/DaveWorkspaces/XMC4300_PWMTest/Libraries/XMCLib/inc\xmc_common.h ****  * Change History
  37:C:/Users/Admin/DaveWorkspaces/XMC4300_PWMTest/Libraries/XMCLib/inc\xmc_common.h ****  * --------------
  38:C:/Users/Admin/DaveWorkspaces/XMC4300_PWMTest/Libraries/XMCLib/inc\xmc_common.h ****  *
  39:C:/Users/Admin/DaveWorkspaces/XMC4300_PWMTest/Libraries/XMCLib/inc\xmc_common.h ****  * 2015-06-20:
  40:C:/Users/Admin/DaveWorkspaces/XMC4300_PWMTest/Libraries/XMCLib/inc\xmc_common.h ****  *     - Initial
  41:C:/Users/Admin/DaveWorkspaces/XMC4300_PWMTest/Libraries/XMCLib/inc\xmc_common.h ****  *     - Brief section updated
  42:C:/Users/Admin/DaveWorkspaces/XMC4300_PWMTest/Libraries/XMCLib/inc\xmc_common.h ****  *     - Added XMC_LIB_VERSION macro
  43:C:/Users/Admin/DaveWorkspaces/XMC4300_PWMTest/Libraries/XMCLib/inc\xmc_common.h ****  *
  44:C:/Users/Admin/DaveWorkspaces/XMC4300_PWMTest/Libraries/XMCLib/inc\xmc_common.h ****  * 2016-02-26:
  45:C:/Users/Admin/DaveWorkspaces/XMC4300_PWMTest/Libraries/XMCLib/inc\xmc_common.h ****  *     - Updated XMC_LIB_VERSION macro to v2.1.6
  46:C:/Users/Admin/DaveWorkspaces/XMC4300_PWMTest/Libraries/XMCLib/inc\xmc_common.h ****  *      
  47:C:/Users/Admin/DaveWorkspaces/XMC4300_PWMTest/Libraries/XMCLib/inc\xmc_common.h ****  * 2016-05-30:
  48:C:/Users/Admin/DaveWorkspaces/XMC4300_PWMTest/Libraries/XMCLib/inc\xmc_common.h ****  *     - Updated XMC_LIB_VERSION macro to v2.1.8
  49:C:/Users/Admin/DaveWorkspaces/XMC4300_PWMTest/Libraries/XMCLib/inc\xmc_common.h ****  *
  50:C:/Users/Admin/DaveWorkspaces/XMC4300_PWMTest/Libraries/XMCLib/inc\xmc_common.h ****  * 2016-11-18:
  51:C:/Users/Admin/DaveWorkspaces/XMC4300_PWMTest/Libraries/XMCLib/inc\xmc_common.h ****  *     - Updated XMC_LIB_VERSION macro to v2.1.10
  52:C:/Users/Admin/DaveWorkspaces/XMC4300_PWMTest/Libraries/XMCLib/inc\xmc_common.h ****  *     - Changed type of size in XMC_PRIOARRAY_t to fix compilation warnings
  53:C:/Users/Admin/DaveWorkspaces/XMC4300_PWMTest/Libraries/XMCLib/inc\xmc_common.h ****  *
  54:C:/Users/Admin/DaveWorkspaces/XMC4300_PWMTest/Libraries/XMCLib/inc\xmc_common.h ****  * 2017-04-04:
  55:C:/Users/Admin/DaveWorkspaces/XMC4300_PWMTest/Libraries/XMCLib/inc\xmc_common.h ****  *     - Updated XMC_LIB_VERSION macro to v2.1.12
  56:C:/Users/Admin/DaveWorkspaces/XMC4300_PWMTest/Libraries/XMCLib/inc\xmc_common.h ****  *
  57:C:/Users/Admin/DaveWorkspaces/XMC4300_PWMTest/Libraries/XMCLib/inc\xmc_common.h ****  * 2017-06-24:
  58:C:/Users/Admin/DaveWorkspaces/XMC4300_PWMTest/Libraries/XMCLib/inc\xmc_common.h ****  *     - Updated XMC_LIB_VERSION macro to v2.1.14
  59:C:/Users/Admin/DaveWorkspaces/XMC4300_PWMTest/Libraries/XMCLib/inc\xmc_common.h ****  *
  60:C:/Users/Admin/DaveWorkspaces/XMC4300_PWMTest/Libraries/XMCLib/inc\xmc_common.h ****  * 2017-08-03:
  61:C:/Users/Admin/DaveWorkspaces/XMC4300_PWMTest/Libraries/XMCLib/inc\xmc_common.h ****  *     - Updated XMC_LIB_VERSION macro to v2.1.16
  62:C:/Users/Admin/DaveWorkspaces/XMC4300_PWMTest/Libraries/XMCLib/inc\xmc_common.h ****  *     - Added __RAM_FUNC macro
  63:C:/Users/Admin/DaveWorkspaces/XMC4300_PWMTest/Libraries/XMCLib/inc\xmc_common.h ****  *
  64:C:/Users/Admin/DaveWorkspaces/XMC4300_PWMTest/Libraries/XMCLib/inc\xmc_common.h ****  * 2018-06-29:
  65:C:/Users/Admin/DaveWorkspaces/XMC4300_PWMTest/Libraries/XMCLib/inc\xmc_common.h ****  *     - Updated XMC_LIB_VERSION macro to v2.1.20
  66:C:/Users/Admin/DaveWorkspaces/XMC4300_PWMTest/Libraries/XMCLib/inc\xmc_common.h ****  *
  67:C:/Users/Admin/DaveWorkspaces/XMC4300_PWMTest/Libraries/XMCLib/inc\xmc_common.h ****  * 2019-05-29:
  68:C:/Users/Admin/DaveWorkspaces/XMC4300_PWMTest/Libraries/XMCLib/inc\xmc_common.h ****  *     - Updated XMC_LIB_VERSION macro to v2.1.22
  69:C:/Users/Admin/DaveWorkspaces/XMC4300_PWMTest/Libraries/XMCLib/inc\xmc_common.h ****  *
  70:C:/Users/Admin/DaveWorkspaces/XMC4300_PWMTest/Libraries/XMCLib/inc\xmc_common.h ****  * 2019-07-12:
  71:C:/Users/Admin/DaveWorkspaces/XMC4300_PWMTest/Libraries/XMCLib/inc\xmc_common.h ****  *     - Updated XMC_LIB_VERSION macro to v2.1.24
  72:C:/Users/Admin/DaveWorkspaces/XMC4300_PWMTest/Libraries/XMCLib/inc\xmc_common.h ****  *
  73:C:/Users/Admin/DaveWorkspaces/XMC4300_PWMTest/Libraries/XMCLib/inc\xmc_common.h ****  * @endcond 
  74:C:/Users/Admin/DaveWorkspaces/XMC4300_PWMTest/Libraries/XMCLib/inc\xmc_common.h ****  *
  75:C:/Users/Admin/DaveWorkspaces/XMC4300_PWMTest/Libraries/XMCLib/inc\xmc_common.h ****  */
  76:C:/Users/Admin/DaveWorkspaces/XMC4300_PWMTest/Libraries/XMCLib/inc\xmc_common.h **** 
  77:C:/Users/Admin/DaveWorkspaces/XMC4300_PWMTest/Libraries/XMCLib/inc\xmc_common.h **** #ifndef XMC_COMMON_H
  78:C:/Users/Admin/DaveWorkspaces/XMC4300_PWMTest/Libraries/XMCLib/inc\xmc_common.h **** #define XMC_COMMON_H
  79:C:/Users/Admin/DaveWorkspaces/XMC4300_PWMTest/Libraries/XMCLib/inc\xmc_common.h **** 
  80:C:/Users/Admin/DaveWorkspaces/XMC4300_PWMTest/Libraries/XMCLib/inc\xmc_common.h **** #include <stddef.h>
  81:C:/Users/Admin/DaveWorkspaces/XMC4300_PWMTest/Libraries/XMCLib/inc\xmc_common.h **** #include <stdint.h>
  82:C:/Users/Admin/DaveWorkspaces/XMC4300_PWMTest/Libraries/XMCLib/inc\xmc_common.h **** #include <stdbool.h>
  83:C:/Users/Admin/DaveWorkspaces/XMC4300_PWMTest/Libraries/XMCLib/inc\xmc_common.h **** #include <string.h>
  84:C:/Users/Admin/DaveWorkspaces/XMC4300_PWMTest/Libraries/XMCLib/inc\xmc_common.h **** 
  85:C:/Users/Admin/DaveWorkspaces/XMC4300_PWMTest/Libraries/XMCLib/inc\xmc_common.h **** #include "xmc_device.h"
  86:C:/Users/Admin/DaveWorkspaces/XMC4300_PWMTest/Libraries/XMCLib/inc\xmc_common.h **** 
  87:C:/Users/Admin/DaveWorkspaces/XMC4300_PWMTest/Libraries/XMCLib/inc\xmc_common.h **** /**
  88:C:/Users/Admin/DaveWorkspaces/XMC4300_PWMTest/Libraries/XMCLib/inc\xmc_common.h ****  * @addtogroup XMClib XMC Peripheral Library
  89:C:/Users/Admin/DaveWorkspaces/XMC4300_PWMTest/Libraries/XMCLib/inc\xmc_common.h ****  * @{
  90:C:/Users/Admin/DaveWorkspaces/XMC4300_PWMTest/Libraries/XMCLib/inc\xmc_common.h ****  */
  91:C:/Users/Admin/DaveWorkspaces/XMC4300_PWMTest/Libraries/XMCLib/inc\xmc_common.h **** 
  92:C:/Users/Admin/DaveWorkspaces/XMC4300_PWMTest/Libraries/XMCLib/inc\xmc_common.h **** /**
  93:C:/Users/Admin/DaveWorkspaces/XMC4300_PWMTest/Libraries/XMCLib/inc\xmc_common.h ****  * @addtogroup COMMON
  94:C:/Users/Admin/DaveWorkspaces/XMC4300_PWMTest/Libraries/XMCLib/inc\xmc_common.h ****  * @brief Common APIs to all peripherals for XMC microcontroller family 
  95:C:/Users/Admin/DaveWorkspaces/XMC4300_PWMTest/Libraries/XMCLib/inc\xmc_common.h ****  * @{
  96:C:/Users/Admin/DaveWorkspaces/XMC4300_PWMTest/Libraries/XMCLib/inc\xmc_common.h ****  */
  97:C:/Users/Admin/DaveWorkspaces/XMC4300_PWMTest/Libraries/XMCLib/inc\xmc_common.h **** 
  98:C:/Users/Admin/DaveWorkspaces/XMC4300_PWMTest/Libraries/XMCLib/inc\xmc_common.h **** /**************************************************************************************************
  99:C:/Users/Admin/DaveWorkspaces/XMC4300_PWMTest/Libraries/XMCLib/inc\xmc_common.h ****  * MACROS
 100:C:/Users/Admin/DaveWorkspaces/XMC4300_PWMTest/Libraries/XMCLib/inc\xmc_common.h ****  **************************************************************************************************
 101:C:/Users/Admin/DaveWorkspaces/XMC4300_PWMTest/Libraries/XMCLib/inc\xmc_common.h **** #define XMC_LIB_MAJOR_VERSION	(2U)
 102:C:/Users/Admin/DaveWorkspaces/XMC4300_PWMTest/Libraries/XMCLib/inc\xmc_common.h **** #define XMC_LIB_MINOR_VERSION	(1U)
 103:C:/Users/Admin/DaveWorkspaces/XMC4300_PWMTest/Libraries/XMCLib/inc\xmc_common.h **** #define XMC_LIB_PATCH_VERSION	(24U)
 104:C:/Users/Admin/DaveWorkspaces/XMC4300_PWMTest/Libraries/XMCLib/inc\xmc_common.h ****  
 105:C:/Users/Admin/DaveWorkspaces/XMC4300_PWMTest/Libraries/XMCLib/inc\xmc_common.h **** #define XMC_LIB_VERSION         ((XMC_LIB_MAJOR_VERSION << 16U) + (XMC_LIB_MINOR_VERSION << 8U) + X
 106:C:/Users/Admin/DaveWorkspaces/XMC4300_PWMTest/Libraries/XMCLib/inc\xmc_common.h **** 
 107:C:/Users/Admin/DaveWorkspaces/XMC4300_PWMTest/Libraries/XMCLib/inc\xmc_common.h **** /* Define WEAK attribute */
 108:C:/Users/Admin/DaveWorkspaces/XMC4300_PWMTest/Libraries/XMCLib/inc\xmc_common.h **** #if !defined(__WEAK)
 109:C:/Users/Admin/DaveWorkspaces/XMC4300_PWMTest/Libraries/XMCLib/inc\xmc_common.h **** #if defined ( __CC_ARM )
 110:C:/Users/Admin/DaveWorkspaces/XMC4300_PWMTest/Libraries/XMCLib/inc\xmc_common.h **** #define __WEAK __attribute__ ((weak))
 111:C:/Users/Admin/DaveWorkspaces/XMC4300_PWMTest/Libraries/XMCLib/inc\xmc_common.h **** #elif defined (__ARMCC_VERSION) && (__ARMCC_VERSION >= 6010050)
 112:C:/Users/Admin/DaveWorkspaces/XMC4300_PWMTest/Libraries/XMCLib/inc\xmc_common.h **** #define __WEAK __attribute__ ((weak))
 113:C:/Users/Admin/DaveWorkspaces/XMC4300_PWMTest/Libraries/XMCLib/inc\xmc_common.h **** #elif defined ( __ICCARM__ )
 114:C:/Users/Admin/DaveWorkspaces/XMC4300_PWMTest/Libraries/XMCLib/inc\xmc_common.h **** #define __WEAK __weak
 115:C:/Users/Admin/DaveWorkspaces/XMC4300_PWMTest/Libraries/XMCLib/inc\xmc_common.h **** #elif defined ( __GNUC__ )
 116:C:/Users/Admin/DaveWorkspaces/XMC4300_PWMTest/Libraries/XMCLib/inc\xmc_common.h **** #define __WEAK __attribute__ ((weak))
 117:C:/Users/Admin/DaveWorkspaces/XMC4300_PWMTest/Libraries/XMCLib/inc\xmc_common.h **** #elif defined ( __TASKING__ )
 118:C:/Users/Admin/DaveWorkspaces/XMC4300_PWMTest/Libraries/XMCLib/inc\xmc_common.h **** #define __WEAK __attribute__ ((weak))
 119:C:/Users/Admin/DaveWorkspaces/XMC4300_PWMTest/Libraries/XMCLib/inc\xmc_common.h **** #endif
 120:C:/Users/Admin/DaveWorkspaces/XMC4300_PWMTest/Libraries/XMCLib/inc\xmc_common.h **** #endif
 121:C:/Users/Admin/DaveWorkspaces/XMC4300_PWMTest/Libraries/XMCLib/inc\xmc_common.h **** 
 122:C:/Users/Admin/DaveWorkspaces/XMC4300_PWMTest/Libraries/XMCLib/inc\xmc_common.h **** #if !defined(__RAM_FUNC)
 123:C:/Users/Admin/DaveWorkspaces/XMC4300_PWMTest/Libraries/XMCLib/inc\xmc_common.h **** #if defined ( __CC_ARM )
 124:C:/Users/Admin/DaveWorkspaces/XMC4300_PWMTest/Libraries/XMCLib/inc\xmc_common.h **** // http://www.keil.com/support/docs/3723.htm
 125:C:/Users/Admin/DaveWorkspaces/XMC4300_PWMTest/Libraries/XMCLib/inc\xmc_common.h **** #define __RAM_FUNC __attribute__((section("RAMCODESECTION")))
 126:C:/Users/Admin/DaveWorkspaces/XMC4300_PWMTest/Libraries/XMCLib/inc\xmc_common.h **** #elif defined (__ARMCC_VERSION) && (__ARMCC_VERSION >= 6010050)
 127:C:/Users/Admin/DaveWorkspaces/XMC4300_PWMTest/Libraries/XMCLib/inc\xmc_common.h **** #define __RAM_FUNC __attribute__((section("RAMCODESECTION")))
 128:C:/Users/Admin/DaveWorkspaces/XMC4300_PWMTest/Libraries/XMCLib/inc\xmc_common.h **** #elif defined ( __ICCARM__ )
 129:C:/Users/Admin/DaveWorkspaces/XMC4300_PWMTest/Libraries/XMCLib/inc\xmc_common.h **** // https://www.iar.com/support/tech-notes/linker/controlling-placement-of-the-section-where-__ramfu
 130:C:/Users/Admin/DaveWorkspaces/XMC4300_PWMTest/Libraries/XMCLib/inc\xmc_common.h **** #define __RAM_FUNC __ramfunc
 131:C:/Users/Admin/DaveWorkspaces/XMC4300_PWMTest/Libraries/XMCLib/inc\xmc_common.h **** #elif defined ( __GNUC__ )
 132:C:/Users/Admin/DaveWorkspaces/XMC4300_PWMTest/Libraries/XMCLib/inc\xmc_common.h **** #define __RAM_FUNC __attribute__((section(".ram_code"), long_call))
 133:C:/Users/Admin/DaveWorkspaces/XMC4300_PWMTest/Libraries/XMCLib/inc\xmc_common.h **** #elif defined ( __TASKING__ )
 134:C:/Users/Admin/DaveWorkspaces/XMC4300_PWMTest/Libraries/XMCLib/inc\xmc_common.h **** #define __RAM_FUNC __attribute__((section(".ram_code")))
 135:C:/Users/Admin/DaveWorkspaces/XMC4300_PWMTest/Libraries/XMCLib/inc\xmc_common.h **** #endif
 136:C:/Users/Admin/DaveWorkspaces/XMC4300_PWMTest/Libraries/XMCLib/inc\xmc_common.h **** #endif
 137:C:/Users/Admin/DaveWorkspaces/XMC4300_PWMTest/Libraries/XMCLib/inc\xmc_common.h **** 
 138:C:/Users/Admin/DaveWorkspaces/XMC4300_PWMTest/Libraries/XMCLib/inc\xmc_common.h **** #ifdef XMC_ASSERT_ENABLE
 139:C:/Users/Admin/DaveWorkspaces/XMC4300_PWMTest/Libraries/XMCLib/inc\xmc_common.h ****  #define XMC_ASSERT(msg, exp) { if(!(exp)) {XMC_AssertHandler(msg, __FILE__, __LINE__);} }
 140:C:/Users/Admin/DaveWorkspaces/XMC4300_PWMTest/Libraries/XMCLib/inc\xmc_common.h **** #else
 141:C:/Users/Admin/DaveWorkspaces/XMC4300_PWMTest/Libraries/XMCLib/inc\xmc_common.h ****  #define XMC_ASSERT(msg, exp) { ; }
 142:C:/Users/Admin/DaveWorkspaces/XMC4300_PWMTest/Libraries/XMCLib/inc\xmc_common.h **** #endif
 143:C:/Users/Admin/DaveWorkspaces/XMC4300_PWMTest/Libraries/XMCLib/inc\xmc_common.h **** 
 144:C:/Users/Admin/DaveWorkspaces/XMC4300_PWMTest/Libraries/XMCLib/inc\xmc_common.h **** #ifdef XMC_DEBUG_ENABLE
 145:C:/Users/Admin/DaveWorkspaces/XMC4300_PWMTest/Libraries/XMCLib/inc\xmc_common.h ****  #include <stdio.h>
 146:C:/Users/Admin/DaveWorkspaces/XMC4300_PWMTest/Libraries/XMCLib/inc\xmc_common.h ****  #define XMC_DEBUG(...) { printf(__VA_ARGS__); }
 147:C:/Users/Admin/DaveWorkspaces/XMC4300_PWMTest/Libraries/XMCLib/inc\xmc_common.h **** #else
 148:C:/Users/Admin/DaveWorkspaces/XMC4300_PWMTest/Libraries/XMCLib/inc\xmc_common.h ****  #define XMC_DEBUG(...) { ; }
 149:C:/Users/Admin/DaveWorkspaces/XMC4300_PWMTest/Libraries/XMCLib/inc\xmc_common.h **** #endif
 150:C:/Users/Admin/DaveWorkspaces/XMC4300_PWMTest/Libraries/XMCLib/inc\xmc_common.h **** 
 151:C:/Users/Admin/DaveWorkspaces/XMC4300_PWMTest/Libraries/XMCLib/inc\xmc_common.h **** #define XMC_UNUSED_ARG(x) (void)x
 152:C:/Users/Admin/DaveWorkspaces/XMC4300_PWMTest/Libraries/XMCLib/inc\xmc_common.h **** 
 153:C:/Users/Admin/DaveWorkspaces/XMC4300_PWMTest/Libraries/XMCLib/inc\xmc_common.h **** #define XMC_STRUCT_INIT(m) memset(&m, 0, sizeof(m))
 154:C:/Users/Admin/DaveWorkspaces/XMC4300_PWMTest/Libraries/XMCLib/inc\xmc_common.h **** 
 155:C:/Users/Admin/DaveWorkspaces/XMC4300_PWMTest/Libraries/XMCLib/inc\xmc_common.h **** #define XMC_PRIOARRAY_DEF(name, size) \
 156:C:/Users/Admin/DaveWorkspaces/XMC4300_PWMTest/Libraries/XMCLib/inc\xmc_common.h **** XMC_PRIOARRAY_ITEM_t prioarray_m_##name[size + 2]; \
 157:C:/Users/Admin/DaveWorkspaces/XMC4300_PWMTest/Libraries/XMCLib/inc\xmc_common.h **** XMC_PRIOARRAY_t prioarray_def_##name = {(size), (prioarray_m_##name)};
 158:C:/Users/Admin/DaveWorkspaces/XMC4300_PWMTest/Libraries/XMCLib/inc\xmc_common.h **** 
 159:C:/Users/Admin/DaveWorkspaces/XMC4300_PWMTest/Libraries/XMCLib/inc\xmc_common.h **** #define XMC_PRIOARRAY(name) \
 160:C:/Users/Admin/DaveWorkspaces/XMC4300_PWMTest/Libraries/XMCLib/inc\xmc_common.h **** &prioarray_def_##name
 161:C:/Users/Admin/DaveWorkspaces/XMC4300_PWMTest/Libraries/XMCLib/inc\xmc_common.h **** 
 162:C:/Users/Admin/DaveWorkspaces/XMC4300_PWMTest/Libraries/XMCLib/inc\xmc_common.h **** /**************************************************************************************************
 163:C:/Users/Admin/DaveWorkspaces/XMC4300_PWMTest/Libraries/XMCLib/inc\xmc_common.h ****  * DATA STRUCTURES
 164:C:/Users/Admin/DaveWorkspaces/XMC4300_PWMTest/Libraries/XMCLib/inc\xmc_common.h ****  **************************************************************************************************
 165:C:/Users/Admin/DaveWorkspaces/XMC4300_PWMTest/Libraries/XMCLib/inc\xmc_common.h **** /*
 166:C:/Users/Admin/DaveWorkspaces/XMC4300_PWMTest/Libraries/XMCLib/inc\xmc_common.h ****  *
 167:C:/Users/Admin/DaveWorkspaces/XMC4300_PWMTest/Libraries/XMCLib/inc\xmc_common.h ****  */
 168:C:/Users/Admin/DaveWorkspaces/XMC4300_PWMTest/Libraries/XMCLib/inc\xmc_common.h **** typedef struct XMC_DRIVER_VERSION 
 169:C:/Users/Admin/DaveWorkspaces/XMC4300_PWMTest/Libraries/XMCLib/inc\xmc_common.h **** {
 170:C:/Users/Admin/DaveWorkspaces/XMC4300_PWMTest/Libraries/XMCLib/inc\xmc_common.h ****   uint8_t major;
 171:C:/Users/Admin/DaveWorkspaces/XMC4300_PWMTest/Libraries/XMCLib/inc\xmc_common.h ****   uint8_t minor;
 172:C:/Users/Admin/DaveWorkspaces/XMC4300_PWMTest/Libraries/XMCLib/inc\xmc_common.h ****   uint8_t patch;
 173:C:/Users/Admin/DaveWorkspaces/XMC4300_PWMTest/Libraries/XMCLib/inc\xmc_common.h **** } XMC_DRIVER_VERSION_t;
 174:C:/Users/Admin/DaveWorkspaces/XMC4300_PWMTest/Libraries/XMCLib/inc\xmc_common.h **** 
 175:C:/Users/Admin/DaveWorkspaces/XMC4300_PWMTest/Libraries/XMCLib/inc\xmc_common.h **** /*
 176:C:/Users/Admin/DaveWorkspaces/XMC4300_PWMTest/Libraries/XMCLib/inc\xmc_common.h ****  *
 177:C:/Users/Admin/DaveWorkspaces/XMC4300_PWMTest/Libraries/XMCLib/inc\xmc_common.h ****  */
 178:C:/Users/Admin/DaveWorkspaces/XMC4300_PWMTest/Libraries/XMCLib/inc\xmc_common.h **** typedef void *XMC_LIST_t;
 179:C:/Users/Admin/DaveWorkspaces/XMC4300_PWMTest/Libraries/XMCLib/inc\xmc_common.h **** 
 180:C:/Users/Admin/DaveWorkspaces/XMC4300_PWMTest/Libraries/XMCLib/inc\xmc_common.h **** /*
 181:C:/Users/Admin/DaveWorkspaces/XMC4300_PWMTest/Libraries/XMCLib/inc\xmc_common.h ****  *
 182:C:/Users/Admin/DaveWorkspaces/XMC4300_PWMTest/Libraries/XMCLib/inc\xmc_common.h ****  */
 183:C:/Users/Admin/DaveWorkspaces/XMC4300_PWMTest/Libraries/XMCLib/inc\xmc_common.h **** typedef struct XMC_PRIOARRAY_ITEM
 184:C:/Users/Admin/DaveWorkspaces/XMC4300_PWMTest/Libraries/XMCLib/inc\xmc_common.h **** {
 185:C:/Users/Admin/DaveWorkspaces/XMC4300_PWMTest/Libraries/XMCLib/inc\xmc_common.h ****   int32_t priority;
 186:C:/Users/Admin/DaveWorkspaces/XMC4300_PWMTest/Libraries/XMCLib/inc\xmc_common.h ****   int32_t previous;
 187:C:/Users/Admin/DaveWorkspaces/XMC4300_PWMTest/Libraries/XMCLib/inc\xmc_common.h ****   int32_t next;
 188:C:/Users/Admin/DaveWorkspaces/XMC4300_PWMTest/Libraries/XMCLib/inc\xmc_common.h **** } XMC_PRIOARRAY_ITEM_t;
 189:C:/Users/Admin/DaveWorkspaces/XMC4300_PWMTest/Libraries/XMCLib/inc\xmc_common.h **** 
 190:C:/Users/Admin/DaveWorkspaces/XMC4300_PWMTest/Libraries/XMCLib/inc\xmc_common.h **** /*
 191:C:/Users/Admin/DaveWorkspaces/XMC4300_PWMTest/Libraries/XMCLib/inc\xmc_common.h ****  *
 192:C:/Users/Admin/DaveWorkspaces/XMC4300_PWMTest/Libraries/XMCLib/inc\xmc_common.h ****  */
 193:C:/Users/Admin/DaveWorkspaces/XMC4300_PWMTest/Libraries/XMCLib/inc\xmc_common.h **** typedef struct XMC_PRIOARRAY
 194:C:/Users/Admin/DaveWorkspaces/XMC4300_PWMTest/Libraries/XMCLib/inc\xmc_common.h **** {
 195:C:/Users/Admin/DaveWorkspaces/XMC4300_PWMTest/Libraries/XMCLib/inc\xmc_common.h ****   int32_t size;
 196:C:/Users/Admin/DaveWorkspaces/XMC4300_PWMTest/Libraries/XMCLib/inc\xmc_common.h ****   XMC_PRIOARRAY_ITEM_t *items;
 197:C:/Users/Admin/DaveWorkspaces/XMC4300_PWMTest/Libraries/XMCLib/inc\xmc_common.h **** } XMC_PRIOARRAY_t;
 198:C:/Users/Admin/DaveWorkspaces/XMC4300_PWMTest/Libraries/XMCLib/inc\xmc_common.h **** 
 199:C:/Users/Admin/DaveWorkspaces/XMC4300_PWMTest/Libraries/XMCLib/inc\xmc_common.h **** /**************************************************************************************************
 200:C:/Users/Admin/DaveWorkspaces/XMC4300_PWMTest/Libraries/XMCLib/inc\xmc_common.h ****  * API PROTOTYPES
 201:C:/Users/Admin/DaveWorkspaces/XMC4300_PWMTest/Libraries/XMCLib/inc\xmc_common.h ****  **************************************************************************************************
 202:C:/Users/Admin/DaveWorkspaces/XMC4300_PWMTest/Libraries/XMCLib/inc\xmc_common.h **** 
 203:C:/Users/Admin/DaveWorkspaces/XMC4300_PWMTest/Libraries/XMCLib/inc\xmc_common.h **** #ifdef __cplusplus
 204:C:/Users/Admin/DaveWorkspaces/XMC4300_PWMTest/Libraries/XMCLib/inc\xmc_common.h **** extern "C" {
 205:C:/Users/Admin/DaveWorkspaces/XMC4300_PWMTest/Libraries/XMCLib/inc\xmc_common.h **** #endif
 206:C:/Users/Admin/DaveWorkspaces/XMC4300_PWMTest/Libraries/XMCLib/inc\xmc_common.h **** 
 207:C:/Users/Admin/DaveWorkspaces/XMC4300_PWMTest/Libraries/XMCLib/inc\xmc_common.h **** /*
 208:C:/Users/Admin/DaveWorkspaces/XMC4300_PWMTest/Libraries/XMCLib/inc\xmc_common.h ****  *
 209:C:/Users/Admin/DaveWorkspaces/XMC4300_PWMTest/Libraries/XMCLib/inc\xmc_common.h ****  */
 210:C:/Users/Admin/DaveWorkspaces/XMC4300_PWMTest/Libraries/XMCLib/inc\xmc_common.h **** void XMC_AssertHandler(const char *const msg, const char *const file, uint32_t line);
 211:C:/Users/Admin/DaveWorkspaces/XMC4300_PWMTest/Libraries/XMCLib/inc\xmc_common.h **** 
 212:C:/Users/Admin/DaveWorkspaces/XMC4300_PWMTest/Libraries/XMCLib/inc\xmc_common.h **** /*
 213:C:/Users/Admin/DaveWorkspaces/XMC4300_PWMTest/Libraries/XMCLib/inc\xmc_common.h ****  *
 214:C:/Users/Admin/DaveWorkspaces/XMC4300_PWMTest/Libraries/XMCLib/inc\xmc_common.h ****  */
 215:C:/Users/Admin/DaveWorkspaces/XMC4300_PWMTest/Libraries/XMCLib/inc\xmc_common.h **** void XMC_LIST_Init(XMC_LIST_t *list);
 216:C:/Users/Admin/DaveWorkspaces/XMC4300_PWMTest/Libraries/XMCLib/inc\xmc_common.h **** 
 217:C:/Users/Admin/DaveWorkspaces/XMC4300_PWMTest/Libraries/XMCLib/inc\xmc_common.h **** /*
 218:C:/Users/Admin/DaveWorkspaces/XMC4300_PWMTest/Libraries/XMCLib/inc\xmc_common.h ****  *
 219:C:/Users/Admin/DaveWorkspaces/XMC4300_PWMTest/Libraries/XMCLib/inc\xmc_common.h ****  */
 220:C:/Users/Admin/DaveWorkspaces/XMC4300_PWMTest/Libraries/XMCLib/inc\xmc_common.h **** void XMC_LIST_Add(XMC_LIST_t *list, void *const item);
 221:C:/Users/Admin/DaveWorkspaces/XMC4300_PWMTest/Libraries/XMCLib/inc\xmc_common.h **** 
 222:C:/Users/Admin/DaveWorkspaces/XMC4300_PWMTest/Libraries/XMCLib/inc\xmc_common.h **** /*
 223:C:/Users/Admin/DaveWorkspaces/XMC4300_PWMTest/Libraries/XMCLib/inc\xmc_common.h ****  *
 224:C:/Users/Admin/DaveWorkspaces/XMC4300_PWMTest/Libraries/XMCLib/inc\xmc_common.h ****  */
 225:C:/Users/Admin/DaveWorkspaces/XMC4300_PWMTest/Libraries/XMCLib/inc\xmc_common.h **** void XMC_LIST_Remove(XMC_LIST_t *list, void *const item);
 226:C:/Users/Admin/DaveWorkspaces/XMC4300_PWMTest/Libraries/XMCLib/inc\xmc_common.h **** 
 227:C:/Users/Admin/DaveWorkspaces/XMC4300_PWMTest/Libraries/XMCLib/inc\xmc_common.h **** /*
 228:C:/Users/Admin/DaveWorkspaces/XMC4300_PWMTest/Libraries/XMCLib/inc\xmc_common.h ****  *
 229:C:/Users/Admin/DaveWorkspaces/XMC4300_PWMTest/Libraries/XMCLib/inc\xmc_common.h ****  */
 230:C:/Users/Admin/DaveWorkspaces/XMC4300_PWMTest/Libraries/XMCLib/inc\xmc_common.h **** uint32_t XMC_LIST_GetLength(XMC_LIST_t *list);
 231:C:/Users/Admin/DaveWorkspaces/XMC4300_PWMTest/Libraries/XMCLib/inc\xmc_common.h **** 
 232:C:/Users/Admin/DaveWorkspaces/XMC4300_PWMTest/Libraries/XMCLib/inc\xmc_common.h **** /*
 233:C:/Users/Admin/DaveWorkspaces/XMC4300_PWMTest/Libraries/XMCLib/inc\xmc_common.h ****  *
 234:C:/Users/Admin/DaveWorkspaces/XMC4300_PWMTest/Libraries/XMCLib/inc\xmc_common.h ****  */
 235:C:/Users/Admin/DaveWorkspaces/XMC4300_PWMTest/Libraries/XMCLib/inc\xmc_common.h **** void *XMC_LIST_GetHead(XMC_LIST_t *list);
 236:C:/Users/Admin/DaveWorkspaces/XMC4300_PWMTest/Libraries/XMCLib/inc\xmc_common.h **** 
 237:C:/Users/Admin/DaveWorkspaces/XMC4300_PWMTest/Libraries/XMCLib/inc\xmc_common.h **** /*
 238:C:/Users/Admin/DaveWorkspaces/XMC4300_PWMTest/Libraries/XMCLib/inc\xmc_common.h ****  *
 239:C:/Users/Admin/DaveWorkspaces/XMC4300_PWMTest/Libraries/XMCLib/inc\xmc_common.h ****  */
 240:C:/Users/Admin/DaveWorkspaces/XMC4300_PWMTest/Libraries/XMCLib/inc\xmc_common.h **** void *XMC_LIST_GetTail(XMC_LIST_t *list);
 241:C:/Users/Admin/DaveWorkspaces/XMC4300_PWMTest/Libraries/XMCLib/inc\xmc_common.h **** 
 242:C:/Users/Admin/DaveWorkspaces/XMC4300_PWMTest/Libraries/XMCLib/inc\xmc_common.h **** /*
 243:C:/Users/Admin/DaveWorkspaces/XMC4300_PWMTest/Libraries/XMCLib/inc\xmc_common.h ****  *
 244:C:/Users/Admin/DaveWorkspaces/XMC4300_PWMTest/Libraries/XMCLib/inc\xmc_common.h ****  */
 245:C:/Users/Admin/DaveWorkspaces/XMC4300_PWMTest/Libraries/XMCLib/inc\xmc_common.h **** void XMC_LIST_Insert(XMC_LIST_t *list, void *prev_item, void *new_item);
 246:C:/Users/Admin/DaveWorkspaces/XMC4300_PWMTest/Libraries/XMCLib/inc\xmc_common.h **** 
 247:C:/Users/Admin/DaveWorkspaces/XMC4300_PWMTest/Libraries/XMCLib/inc\xmc_common.h **** /*
 248:C:/Users/Admin/DaveWorkspaces/XMC4300_PWMTest/Libraries/XMCLib/inc\xmc_common.h ****  *
 249:C:/Users/Admin/DaveWorkspaces/XMC4300_PWMTest/Libraries/XMCLib/inc\xmc_common.h ****  */
 250:C:/Users/Admin/DaveWorkspaces/XMC4300_PWMTest/Libraries/XMCLib/inc\xmc_common.h **** void XMC_PRIOARRAY_Init(XMC_PRIOARRAY_t *prioarray);
 251:C:/Users/Admin/DaveWorkspaces/XMC4300_PWMTest/Libraries/XMCLib/inc\xmc_common.h **** 
 252:C:/Users/Admin/DaveWorkspaces/XMC4300_PWMTest/Libraries/XMCLib/inc\xmc_common.h **** /*
 253:C:/Users/Admin/DaveWorkspaces/XMC4300_PWMTest/Libraries/XMCLib/inc\xmc_common.h ****  *
 254:C:/Users/Admin/DaveWorkspaces/XMC4300_PWMTest/Libraries/XMCLib/inc\xmc_common.h ****  */
 255:C:/Users/Admin/DaveWorkspaces/XMC4300_PWMTest/Libraries/XMCLib/inc\xmc_common.h **** void XMC_PRIOARRAY_Add(XMC_PRIOARRAY_t *prioarray, int32_t item, int32_t priority);
 256:C:/Users/Admin/DaveWorkspaces/XMC4300_PWMTest/Libraries/XMCLib/inc\xmc_common.h **** 
 257:C:/Users/Admin/DaveWorkspaces/XMC4300_PWMTest/Libraries/XMCLib/inc\xmc_common.h **** /*
 258:C:/Users/Admin/DaveWorkspaces/XMC4300_PWMTest/Libraries/XMCLib/inc\xmc_common.h ****  *
 259:C:/Users/Admin/DaveWorkspaces/XMC4300_PWMTest/Libraries/XMCLib/inc\xmc_common.h ****  */
 260:C:/Users/Admin/DaveWorkspaces/XMC4300_PWMTest/Libraries/XMCLib/inc\xmc_common.h **** void XMC_PRIOARRAY_Remove(XMC_PRIOARRAY_t *prioarray, int32_t item);
 261:C:/Users/Admin/DaveWorkspaces/XMC4300_PWMTest/Libraries/XMCLib/inc\xmc_common.h **** 
 262:C:/Users/Admin/DaveWorkspaces/XMC4300_PWMTest/Libraries/XMCLib/inc\xmc_common.h **** /*
 263:C:/Users/Admin/DaveWorkspaces/XMC4300_PWMTest/Libraries/XMCLib/inc\xmc_common.h ****  *
 264:C:/Users/Admin/DaveWorkspaces/XMC4300_PWMTest/Libraries/XMCLib/inc\xmc_common.h ****  */
 265:C:/Users/Admin/DaveWorkspaces/XMC4300_PWMTest/Libraries/XMCLib/inc\xmc_common.h **** __STATIC_INLINE int32_t XMC_PRIOARRAY_GetHead(XMC_PRIOARRAY_t *prioarray)
 266:C:/Users/Admin/DaveWorkspaces/XMC4300_PWMTest/Libraries/XMCLib/inc\xmc_common.h **** {
  27              	 .loc 1 266 0
  28              	 .cfi_startproc
  29              	 
  30              	 
  31              	 
  32 0000 80B4     	 push {r7}
  33              	.LCFI0:
  34              	 .cfi_def_cfa_offset 4
  35              	 .cfi_offset 7,-4
  36 0002 83B0     	 sub sp,sp,#12
  37              	.LCFI1:
  38              	 .cfi_def_cfa_offset 16
  39 0004 00AF     	 add r7,sp,#0
  40              	.LCFI2:
  41              	 .cfi_def_cfa_register 7
  42 0006 7860     	 str r0,[r7,#4]
 267:C:/Users/Admin/DaveWorkspaces/XMC4300_PWMTest/Libraries/XMCLib/inc\xmc_common.h ****   XMC_ASSERT("XMC_PRIOARRAY_Init: NULL pointer", prioarray != NULL);
 268:C:/Users/Admin/DaveWorkspaces/XMC4300_PWMTest/Libraries/XMCLib/inc\xmc_common.h ****   return prioarray->items[prioarray->size].next;
  43              	 .loc 1 268 0
  44 0008 7B68     	 ldr r3,[r7,#4]
  45 000a 5A68     	 ldr r2,[r3,#4]
  46 000c 7B68     	 ldr r3,[r7,#4]
  47 000e 1B68     	 ldr r3,[r3]
  48 0010 1946     	 mov r1,r3
  49 0012 0B46     	 mov r3,r1
  50 0014 5B00     	 lsls r3,r3,#1
  51 0016 0B44     	 add r3,r3,r1
  52 0018 9B00     	 lsls r3,r3,#2
  53 001a 1344     	 add r3,r3,r2
  54 001c 9B68     	 ldr r3,[r3,#8]
 269:C:/Users/Admin/DaveWorkspaces/XMC4300_PWMTest/Libraries/XMCLib/inc\xmc_common.h **** }
  55              	 .loc 1 269 0
  56 001e 1846     	 mov r0,r3
  57 0020 0C37     	 adds r7,r7,#12
  58              	.LCFI3:
  59              	 .cfi_def_cfa_offset 4
  60 0022 BD46     	 mov sp,r7
  61              	.LCFI4:
  62              	 .cfi_def_cfa_register 13
  63              	 
  64 0024 5DF8047B 	 ldr r7,[sp],#4
  65              	.LCFI5:
  66              	 .cfi_restore 7
  67              	 .cfi_def_cfa_offset 0
  68 0028 7047     	 bx lr
  69              	 .cfi_endproc
  70              	.LFE132:
  72 002a 00BF     	 .section .text.XMC_PRIOARRAY_GetItemPriority,"ax",%progbits
  73              	 .align 2
  74              	 .thumb
  75              	 .thumb_func
  77              	XMC_PRIOARRAY_GetItemPriority:
  78              	.LFB134:
 270:C:/Users/Admin/DaveWorkspaces/XMC4300_PWMTest/Libraries/XMCLib/inc\xmc_common.h **** 
 271:C:/Users/Admin/DaveWorkspaces/XMC4300_PWMTest/Libraries/XMCLib/inc\xmc_common.h **** /*
 272:C:/Users/Admin/DaveWorkspaces/XMC4300_PWMTest/Libraries/XMCLib/inc\xmc_common.h ****  *
 273:C:/Users/Admin/DaveWorkspaces/XMC4300_PWMTest/Libraries/XMCLib/inc\xmc_common.h ****  */
 274:C:/Users/Admin/DaveWorkspaces/XMC4300_PWMTest/Libraries/XMCLib/inc\xmc_common.h **** __STATIC_INLINE int32_t XMC_PRIOARRAY_GetTail(XMC_PRIOARRAY_t *prioarray)
 275:C:/Users/Admin/DaveWorkspaces/XMC4300_PWMTest/Libraries/XMCLib/inc\xmc_common.h **** {
 276:C:/Users/Admin/DaveWorkspaces/XMC4300_PWMTest/Libraries/XMCLib/inc\xmc_common.h ****   XMC_ASSERT("XMC_PRIOARRAY_Init: NULL pointer", prioarray != NULL);
 277:C:/Users/Admin/DaveWorkspaces/XMC4300_PWMTest/Libraries/XMCLib/inc\xmc_common.h ****   return prioarray->items[prioarray->size + 1].previous;
 278:C:/Users/Admin/DaveWorkspaces/XMC4300_PWMTest/Libraries/XMCLib/inc\xmc_common.h **** }
 279:C:/Users/Admin/DaveWorkspaces/XMC4300_PWMTest/Libraries/XMCLib/inc\xmc_common.h **** 
 280:C:/Users/Admin/DaveWorkspaces/XMC4300_PWMTest/Libraries/XMCLib/inc\xmc_common.h **** /*
 281:C:/Users/Admin/DaveWorkspaces/XMC4300_PWMTest/Libraries/XMCLib/inc\xmc_common.h ****  *
 282:C:/Users/Admin/DaveWorkspaces/XMC4300_PWMTest/Libraries/XMCLib/inc\xmc_common.h ****  */
 283:C:/Users/Admin/DaveWorkspaces/XMC4300_PWMTest/Libraries/XMCLib/inc\xmc_common.h **** __STATIC_INLINE int32_t XMC_PRIOARRAY_GetItemPriority(XMC_PRIOARRAY_t *prioarray, int32_t item)
 284:C:/Users/Admin/DaveWorkspaces/XMC4300_PWMTest/Libraries/XMCLib/inc\xmc_common.h **** {
  79              	 .loc 1 284 0
  80              	 .cfi_startproc
  81              	 
  82              	 
  83              	 
  84 0000 80B4     	 push {r7}
  85              	.LCFI6:
  86              	 .cfi_def_cfa_offset 4
  87              	 .cfi_offset 7,-4
  88 0002 83B0     	 sub sp,sp,#12
  89              	.LCFI7:
  90              	 .cfi_def_cfa_offset 16
  91 0004 00AF     	 add r7,sp,#0
  92              	.LCFI8:
  93              	 .cfi_def_cfa_register 7
  94 0006 7860     	 str r0,[r7,#4]
  95 0008 3960     	 str r1,[r7]
 285:C:/Users/Admin/DaveWorkspaces/XMC4300_PWMTest/Libraries/XMCLib/inc\xmc_common.h ****   XMC_ASSERT("XMC_PRIOARRAY_GetItemPriority: item out of range", (item >= 0) && (item < prioarray->
 286:C:/Users/Admin/DaveWorkspaces/XMC4300_PWMTest/Libraries/XMCLib/inc\xmc_common.h ****   return prioarray->items[item].priority;
  96              	 .loc 1 286 0
  97 000a 7B68     	 ldr r3,[r7,#4]
  98 000c 5968     	 ldr r1,[r3,#4]
  99 000e 3A68     	 ldr r2,[r7]
 100 0010 1346     	 mov r3,r2
 101 0012 5B00     	 lsls r3,r3,#1
 102 0014 1344     	 add r3,r3,r2
 103 0016 9B00     	 lsls r3,r3,#2
 104 0018 0B44     	 add r3,r3,r1
 105 001a 1B68     	 ldr r3,[r3]
 287:C:/Users/Admin/DaveWorkspaces/XMC4300_PWMTest/Libraries/XMCLib/inc\xmc_common.h **** }
 106              	 .loc 1 287 0
 107 001c 1846     	 mov r0,r3
 108 001e 0C37     	 adds r7,r7,#12
 109              	.LCFI9:
 110              	 .cfi_def_cfa_offset 4
 111 0020 BD46     	 mov sp,r7
 112              	.LCFI10:
 113              	 .cfi_def_cfa_register 13
 114              	 
 115 0022 5DF8047B 	 ldr r7,[sp],#4
 116              	.LCFI11:
 117              	 .cfi_restore 7
 118              	 .cfi_def_cfa_offset 0
 119 0026 7047     	 bx lr
 120              	 .cfi_endproc
 121              	.LFE134:
 123              	 .section .text.XMC_PRIOARRAY_GetItemNext,"ax",%progbits
 124              	 .align 2
 125              	 .thumb
 126              	 .thumb_func
 128              	XMC_PRIOARRAY_GetItemNext:
 129              	.LFB135:
 288:C:/Users/Admin/DaveWorkspaces/XMC4300_PWMTest/Libraries/XMCLib/inc\xmc_common.h **** 
 289:C:/Users/Admin/DaveWorkspaces/XMC4300_PWMTest/Libraries/XMCLib/inc\xmc_common.h **** /*
 290:C:/Users/Admin/DaveWorkspaces/XMC4300_PWMTest/Libraries/XMCLib/inc\xmc_common.h ****  *
 291:C:/Users/Admin/DaveWorkspaces/XMC4300_PWMTest/Libraries/XMCLib/inc\xmc_common.h ****  */
 292:C:/Users/Admin/DaveWorkspaces/XMC4300_PWMTest/Libraries/XMCLib/inc\xmc_common.h **** __STATIC_INLINE int32_t XMC_PRIOARRAY_GetItemNext(XMC_PRIOARRAY_t *prioarray, int32_t item)
 293:C:/Users/Admin/DaveWorkspaces/XMC4300_PWMTest/Libraries/XMCLib/inc\xmc_common.h **** {
 130              	 .loc 1 293 0
 131              	 .cfi_startproc
 132              	 
 133              	 
 134              	 
 135 0000 80B4     	 push {r7}
 136              	.LCFI12:
 137              	 .cfi_def_cfa_offset 4
 138              	 .cfi_offset 7,-4
 139 0002 83B0     	 sub sp,sp,#12
 140              	.LCFI13:
 141              	 .cfi_def_cfa_offset 16
 142 0004 00AF     	 add r7,sp,#0
 143              	.LCFI14:
 144              	 .cfi_def_cfa_register 7
 145 0006 7860     	 str r0,[r7,#4]
 146 0008 3960     	 str r1,[r7]
 294:C:/Users/Admin/DaveWorkspaces/XMC4300_PWMTest/Libraries/XMCLib/inc\xmc_common.h ****   XMC_ASSERT("XMC_PRIOARRAY_GetItemNext: item out of range", (item >= 0) && (item < prioarray->size
 295:C:/Users/Admin/DaveWorkspaces/XMC4300_PWMTest/Libraries/XMCLib/inc\xmc_common.h ****   return prioarray->items[item].next;
 147              	 .loc 1 295 0
 148 000a 7B68     	 ldr r3,[r7,#4]
 149 000c 5968     	 ldr r1,[r3,#4]
 150 000e 3A68     	 ldr r2,[r7]
 151 0010 1346     	 mov r3,r2
 152 0012 5B00     	 lsls r3,r3,#1
 153 0014 1344     	 add r3,r3,r2
 154 0016 9B00     	 lsls r3,r3,#2
 155 0018 0B44     	 add r3,r3,r1
 156 001a 9B68     	 ldr r3,[r3,#8]
 296:C:/Users/Admin/DaveWorkspaces/XMC4300_PWMTest/Libraries/XMCLib/inc\xmc_common.h **** }
 157              	 .loc 1 296 0
 158 001c 1846     	 mov r0,r3
 159 001e 0C37     	 adds r7,r7,#12
 160              	.LCFI15:
 161              	 .cfi_def_cfa_offset 4
 162 0020 BD46     	 mov sp,r7
 163              	.LCFI16:
 164              	 .cfi_def_cfa_register 13
 165              	 
 166 0022 5DF8047B 	 ldr r7,[sp],#4
 167              	.LCFI17:
 168              	 .cfi_restore 7
 169              	 .cfi_def_cfa_offset 0
 170 0026 7047     	 bx lr
 171              	 .cfi_endproc
 172              	.LFE135:
 174              	 .section .text.XMC_LIST_Init,"ax",%progbits
 175              	 .align 2
 176              	 .global XMC_LIST_Init
 177              	 .thumb
 178              	 .thumb_func
 180              	XMC_LIST_Init:
 181              	.LFB137:
 182              	 .file 2 "../Libraries/XMCLib/src/xmc_common.c"
   1:../Libraries/XMCLib/src/xmc_common.c **** /**
   2:../Libraries/XMCLib/src/xmc_common.c ****  * @file xmc_common.c
   3:../Libraries/XMCLib/src/xmc_common.c ****  * @date 2017-02-25
   4:../Libraries/XMCLib/src/xmc_common.c ****  *
   5:../Libraries/XMCLib/src/xmc_common.c ****  * @cond
   6:../Libraries/XMCLib/src/xmc_common.c ****  **************************************************************************************************
   7:../Libraries/XMCLib/src/xmc_common.c ****  * XMClib v2.1.24 - XMC Peripheral Driver Library 
   8:../Libraries/XMCLib/src/xmc_common.c ****  *
   9:../Libraries/XMCLib/src/xmc_common.c ****  * Copyright (c) 2015-2019, Infineon Technologies AG
  10:../Libraries/XMCLib/src/xmc_common.c ****  * All rights reserved.                        
  11:../Libraries/XMCLib/src/xmc_common.c ****  *                                             
  12:../Libraries/XMCLib/src/xmc_common.c ****  * Redistribution and use in source and binary forms, with or without modification,are permitted pr
  13:../Libraries/XMCLib/src/xmc_common.c ****  * following conditions are met:   
  14:../Libraries/XMCLib/src/xmc_common.c ****  *                                                                              
  15:../Libraries/XMCLib/src/xmc_common.c ****  * Redistributions of source code must retain the above copyright notice, this list of conditions a
  16:../Libraries/XMCLib/src/xmc_common.c ****  * disclaimer.                        
  17:../Libraries/XMCLib/src/xmc_common.c ****  * 
  18:../Libraries/XMCLib/src/xmc_common.c ****  * Redistributions in binary form must reproduce the above copyright notice, this list of condition
  19:../Libraries/XMCLib/src/xmc_common.c ****  * disclaimer in the documentation and/or other materials provided with the distribution.          
  20:../Libraries/XMCLib/src/xmc_common.c ****  * 
  21:../Libraries/XMCLib/src/xmc_common.c ****  * Neither the name of the copyright holders nor the names of its contributors may be used to endor
  22:../Libraries/XMCLib/src/xmc_common.c ****  * products derived from this software without specific prior written permission.                  
  23:../Libraries/XMCLib/src/xmc_common.c ****  *                                                                              
  24:../Libraries/XMCLib/src/xmc_common.c ****  * THIS SOFTWARE IS PROVIDED BY THE COPYRIGHT HOLDERS AND CONTRIBUTORS "AS IS" AND ANY EXPRESS OR I
  25:../Libraries/XMCLib/src/xmc_common.c ****  * INCLUDING, BUT NOT LIMITED TO, THE IMPLIED WARRANTIES OF MERCHANTABILITY AND FITNESS FOR A PARTI
  26:../Libraries/XMCLib/src/xmc_common.c ****  * DISCLAIMED. IN NO EVENT SHALL THE COPYRIGHT HOLDER OR CONTRIBUTORS BE LIABLE  FOR ANY DIRECT, IN
  27:../Libraries/XMCLib/src/xmc_common.c ****  * SPECIAL, EXEMPLARY, OR CONSEQUENTIAL DAMAGES (INCLUDING, BUT NOT LIMITED TO, PROCUREMENT OF SUBS
  28:../Libraries/XMCLib/src/xmc_common.c ****  * SERVICES; LOSS OF USE, DATA, OR PROFITS; OR BUSINESS INTERRUPTION) HOWEVER CAUSED AND ON ANY THE
  29:../Libraries/XMCLib/src/xmc_common.c ****  * WHETHER IN CONTRACT, STRICT LIABILITY,OR TORT (INCLUDING NEGLIGENCE OR OTHERWISE) ARISING IN ANY
  30:../Libraries/XMCLib/src/xmc_common.c ****  * OF THIS SOFTWARE, EVEN IF ADVISED OF THE POSSIBILITY OF SUCH DAMAGE.                            
  31:../Libraries/XMCLib/src/xmc_common.c ****  *                                                                              
  32:../Libraries/XMCLib/src/xmc_common.c ****  * To improve the quality of the software, users are encouraged to share modifications, enhancement
  33:../Libraries/XMCLib/src/xmc_common.c ****  * Infineon Technologies AG dave@infineon.com).                                                    
  34:../Libraries/XMCLib/src/xmc_common.c ****  **************************************************************************************************
  35:../Libraries/XMCLib/src/xmc_common.c ****  *
  36:../Libraries/XMCLib/src/xmc_common.c ****  * Change History
  37:../Libraries/XMCLib/src/xmc_common.c ****  * --------------
  38:../Libraries/XMCLib/src/xmc_common.c ****  *
  39:../Libraries/XMCLib/src/xmc_common.c ****  * 2015-02-20:
  40:../Libraries/XMCLib/src/xmc_common.c ****  *     - Initial <br>
  41:../Libraries/XMCLib/src/xmc_common.c ****  *      
  42:../Libraries/XMCLib/src/xmc_common.c ****  * 2017-02-25:
  43:../Libraries/XMCLib/src/xmc_common.c ****  *     - Remove the need to define XMC_USER_ASSERT_FUNCTION
  44:../Libraries/XMCLib/src/xmc_common.c ****  *     - XMC_AssertHandler fixed compilation warnings
  45:../Libraries/XMCLib/src/xmc_common.c ****  *
  46:../Libraries/XMCLib/src/xmc_common.c ****  * @endcond 
  47:../Libraries/XMCLib/src/xmc_common.c ****  *
  48:../Libraries/XMCLib/src/xmc_common.c ****  */
  49:../Libraries/XMCLib/src/xmc_common.c **** 
  50:../Libraries/XMCLib/src/xmc_common.c **** #include "xmc_common.h"
  51:../Libraries/XMCLib/src/xmc_common.c **** 
  52:../Libraries/XMCLib/src/xmc_common.c **** /*******************************************************************************
  53:../Libraries/XMCLib/src/xmc_common.c ****  * DATA STRUCTURES
  54:../Libraries/XMCLib/src/xmc_common.c ****  *******************************************************************************/
  55:../Libraries/XMCLib/src/xmc_common.c **** struct list
  56:../Libraries/XMCLib/src/xmc_common.c **** {
  57:../Libraries/XMCLib/src/xmc_common.c ****   struct list *next;
  58:../Libraries/XMCLib/src/xmc_common.c **** };
  59:../Libraries/XMCLib/src/xmc_common.c **** 
  60:../Libraries/XMCLib/src/xmc_common.c **** /*******************************************************************************
  61:../Libraries/XMCLib/src/xmc_common.c ****  * API IMPLEMENTATION
  62:../Libraries/XMCLib/src/xmc_common.c ****  *******************************************************************************/
  63:../Libraries/XMCLib/src/xmc_common.c **** #if defined(XMC_ASSERT_ENABLE)
  64:../Libraries/XMCLib/src/xmc_common.c **** __WEAK void XMC_AssertHandler(const char *const msg, const char *const file, uint32_t line)
  65:../Libraries/XMCLib/src/xmc_common.c **** {
  66:../Libraries/XMCLib/src/xmc_common.c ****   XMC_UNUSED_ARG(msg);
  67:../Libraries/XMCLib/src/xmc_common.c ****   XMC_UNUSED_ARG(file);
  68:../Libraries/XMCLib/src/xmc_common.c ****   XMC_UNUSED_ARG(line);
  69:../Libraries/XMCLib/src/xmc_common.c **** 
  70:../Libraries/XMCLib/src/xmc_common.c ****   while(1)
  71:../Libraries/XMCLib/src/xmc_common.c ****   {
  72:../Libraries/XMCLib/src/xmc_common.c ****     /* Endless loop */
  73:../Libraries/XMCLib/src/xmc_common.c ****   }
  74:../Libraries/XMCLib/src/xmc_common.c **** }
  75:../Libraries/XMCLib/src/xmc_common.c **** #endif
  76:../Libraries/XMCLib/src/xmc_common.c **** 
  77:../Libraries/XMCLib/src/xmc_common.c **** void XMC_LIST_Init(XMC_LIST_t *list)
  78:../Libraries/XMCLib/src/xmc_common.c **** {
 183              	 .loc 2 78 0
 184              	 .cfi_startproc
 185              	 
 186              	 
 187              	 
 188 0000 80B4     	 push {r7}
 189              	.LCFI18:
 190              	 .cfi_def_cfa_offset 4
 191              	 .cfi_offset 7,-4
 192 0002 83B0     	 sub sp,sp,#12
 193              	.LCFI19:
 194              	 .cfi_def_cfa_offset 16
 195 0004 00AF     	 add r7,sp,#0
 196              	.LCFI20:
 197              	 .cfi_def_cfa_register 7
 198 0006 7860     	 str r0,[r7,#4]
  79:../Libraries/XMCLib/src/xmc_common.c ****   *list = NULL;
 199              	 .loc 2 79 0
 200 0008 7B68     	 ldr r3,[r7,#4]
 201 000a 0022     	 movs r2,#0
 202 000c 1A60     	 str r2,[r3]
  80:../Libraries/XMCLib/src/xmc_common.c **** }
 203              	 .loc 2 80 0
 204 000e 0C37     	 adds r7,r7,#12
 205              	.LCFI21:
 206              	 .cfi_def_cfa_offset 4
 207 0010 BD46     	 mov sp,r7
 208              	.LCFI22:
 209              	 .cfi_def_cfa_register 13
 210              	 
 211 0012 5DF8047B 	 ldr r7,[sp],#4
 212              	.LCFI23:
 213              	 .cfi_restore 7
 214              	 .cfi_def_cfa_offset 0
 215 0016 7047     	 bx lr
 216              	 .cfi_endproc
 217              	.LFE137:
 219              	 .section .text.XMC_LIST_GetHead,"ax",%progbits
 220              	 .align 2
 221              	 .global XMC_LIST_GetHead
 222              	 .thumb
 223              	 .thumb_func
 225              	XMC_LIST_GetHead:
 226              	.LFB138:
  81:../Libraries/XMCLib/src/xmc_common.c **** 
  82:../Libraries/XMCLib/src/xmc_common.c **** void *XMC_LIST_GetHead(XMC_LIST_t *list)
  83:../Libraries/XMCLib/src/xmc_common.c **** {
 227              	 .loc 2 83 0
 228              	 .cfi_startproc
 229              	 
 230              	 
 231              	 
 232 0000 80B4     	 push {r7}
 233              	.LCFI24:
 234              	 .cfi_def_cfa_offset 4
 235              	 .cfi_offset 7,-4
 236 0002 83B0     	 sub sp,sp,#12
 237              	.LCFI25:
 238              	 .cfi_def_cfa_offset 16
 239 0004 00AF     	 add r7,sp,#0
 240              	.LCFI26:
 241              	 .cfi_def_cfa_register 7
 242 0006 7860     	 str r0,[r7,#4]
  84:../Libraries/XMCLib/src/xmc_common.c ****   return *list;
 243              	 .loc 2 84 0
 244 0008 7B68     	 ldr r3,[r7,#4]
 245 000a 1B68     	 ldr r3,[r3]
  85:../Libraries/XMCLib/src/xmc_common.c **** }
 246              	 .loc 2 85 0
 247 000c 1846     	 mov r0,r3
 248 000e 0C37     	 adds r7,r7,#12
 249              	.LCFI27:
 250              	 .cfi_def_cfa_offset 4
 251 0010 BD46     	 mov sp,r7
 252              	.LCFI28:
 253              	 .cfi_def_cfa_register 13
 254              	 
 255 0012 5DF8047B 	 ldr r7,[sp],#4
 256              	.LCFI29:
 257              	 .cfi_restore 7
 258              	 .cfi_def_cfa_offset 0
 259 0016 7047     	 bx lr
 260              	 .cfi_endproc
 261              	.LFE138:
 263              	 .section .text.XMC_LIST_GetTail,"ax",%progbits
 264              	 .align 2
 265              	 .global XMC_LIST_GetTail
 266              	 .thumb
 267              	 .thumb_func
 269              	XMC_LIST_GetTail:
 270              	.LFB139:
  86:../Libraries/XMCLib/src/xmc_common.c **** 
  87:../Libraries/XMCLib/src/xmc_common.c **** void *XMC_LIST_GetTail(XMC_LIST_t *list)
  88:../Libraries/XMCLib/src/xmc_common.c **** {
 271              	 .loc 2 88 0
 272              	 .cfi_startproc
 273              	 
 274              	 
 275              	 
 276 0000 80B4     	 push {r7}
 277              	.LCFI30:
 278              	 .cfi_def_cfa_offset 4
 279              	 .cfi_offset 7,-4
 280 0002 85B0     	 sub sp,sp,#20
 281              	.LCFI31:
 282              	 .cfi_def_cfa_offset 24
 283 0004 00AF     	 add r7,sp,#0
 284              	.LCFI32:
 285              	 .cfi_def_cfa_register 7
 286 0006 7860     	 str r0,[r7,#4]
  89:../Libraries/XMCLib/src/xmc_common.c ****   struct list *tail;
  90:../Libraries/XMCLib/src/xmc_common.c ****   
  91:../Libraries/XMCLib/src/xmc_common.c ****   if (*list == NULL) 
 287              	 .loc 2 91 0
 288 0008 7B68     	 ldr r3,[r7,#4]
 289 000a 1B68     	 ldr r3,[r3]
 290 000c 002B     	 cmp r3,#0
 291 000e 02D1     	 bne .L11
  92:../Libraries/XMCLib/src/xmc_common.c ****   {
  93:../Libraries/XMCLib/src/xmc_common.c ****     tail = NULL;
 292              	 .loc 2 93 0
 293 0010 0023     	 movs r3,#0
 294 0012 FB60     	 str r3,[r7,#12]
 295 0014 0AE0     	 b .L12
 296              	.L11:
  94:../Libraries/XMCLib/src/xmc_common.c ****   }
  95:../Libraries/XMCLib/src/xmc_common.c ****   else
  96:../Libraries/XMCLib/src/xmc_common.c ****   {
  97:../Libraries/XMCLib/src/xmc_common.c ****     for (tail = (struct list *)*list; tail->next != NULL; tail = tail->next)
 297              	 .loc 2 97 0
 298 0016 7B68     	 ldr r3,[r7,#4]
 299 0018 1B68     	 ldr r3,[r3]
 300 001a FB60     	 str r3,[r7,#12]
 301 001c 02E0     	 b .L13
 302              	.L14:
 303              	 .loc 2 97 0 is_stmt 0 discriminator 3
 304 001e FB68     	 ldr r3,[r7,#12]
 305 0020 1B68     	 ldr r3,[r3]
 306 0022 FB60     	 str r3,[r7,#12]
 307              	.L13:
 308              	 .loc 2 97 0 discriminator 1
 309 0024 FB68     	 ldr r3,[r7,#12]
 310 0026 1B68     	 ldr r3,[r3]
 311 0028 002B     	 cmp r3,#0
 312 002a F8D1     	 bne .L14
 313              	.L12:
  98:../Libraries/XMCLib/src/xmc_common.c ****     {
  99:../Libraries/XMCLib/src/xmc_common.c ****       /* Loop through the list */
 100:../Libraries/XMCLib/src/xmc_common.c ****     }  
 101:../Libraries/XMCLib/src/xmc_common.c ****   }
 102:../Libraries/XMCLib/src/xmc_common.c ****   
 103:../Libraries/XMCLib/src/xmc_common.c ****   return tail;    
 314              	 .loc 2 103 0 is_stmt 1
 315 002c FB68     	 ldr r3,[r7,#12]
 104:../Libraries/XMCLib/src/xmc_common.c **** }
 316              	 .loc 2 104 0
 317 002e 1846     	 mov r0,r3
 318 0030 1437     	 adds r7,r7,#20
 319              	.LCFI33:
 320              	 .cfi_def_cfa_offset 4
 321 0032 BD46     	 mov sp,r7
 322              	.LCFI34:
 323              	 .cfi_def_cfa_register 13
 324              	 
 325 0034 5DF8047B 	 ldr r7,[sp],#4
 326              	.LCFI35:
 327              	 .cfi_restore 7
 328              	 .cfi_def_cfa_offset 0
 329 0038 7047     	 bx lr
 330              	 .cfi_endproc
 331              	.LFE139:
 333 003a 00BF     	 .section .text.XMC_LIST_Add,"ax",%progbits
 334              	 .align 2
 335              	 .global XMC_LIST_Add
 336              	 .thumb
 337              	 .thumb_func
 339              	XMC_LIST_Add:
 340              	.LFB140:
 105:../Libraries/XMCLib/src/xmc_common.c **** 
 106:../Libraries/XMCLib/src/xmc_common.c **** void XMC_LIST_Add(XMC_LIST_t *list, void *item)
 107:../Libraries/XMCLib/src/xmc_common.c **** {
 341              	 .loc 2 107 0
 342              	 .cfi_startproc
 343              	 
 344              	 
 345 0000 80B5     	 push {r7,lr}
 346              	.LCFI36:
 347              	 .cfi_def_cfa_offset 8
 348              	 .cfi_offset 7,-8
 349              	 .cfi_offset 14,-4
 350 0002 84B0     	 sub sp,sp,#16
 351              	.LCFI37:
 352              	 .cfi_def_cfa_offset 24
 353 0004 00AF     	 add r7,sp,#0
 354              	.LCFI38:
 355              	 .cfi_def_cfa_register 7
 356 0006 7860     	 str r0,[r7,#4]
 357 0008 3960     	 str r1,[r7]
 108:../Libraries/XMCLib/src/xmc_common.c ****   struct list *tail;
 109:../Libraries/XMCLib/src/xmc_common.c ****   
 110:../Libraries/XMCLib/src/xmc_common.c ****   ((struct list *)item)->next = NULL;
 358              	 .loc 2 110 0
 359 000a 3B68     	 ldr r3,[r7]
 360 000c 0022     	 movs r2,#0
 361 000e 1A60     	 str r2,[r3]
 111:../Libraries/XMCLib/src/xmc_common.c ****   tail = (struct list *)XMC_LIST_GetTail(list);
 362              	 .loc 2 111 0
 363 0010 7868     	 ldr r0,[r7,#4]
 364 0012 FFF7FEFF 	 bl XMC_LIST_GetTail
 365 0016 F860     	 str r0,[r7,#12]
 112:../Libraries/XMCLib/src/xmc_common.c ****   
 113:../Libraries/XMCLib/src/xmc_common.c ****   if (tail == NULL) 
 366              	 .loc 2 113 0
 367 0018 FB68     	 ldr r3,[r7,#12]
 368 001a 002B     	 cmp r3,#0
 369 001c 03D1     	 bne .L17
 114:../Libraries/XMCLib/src/xmc_common.c ****   {
 115:../Libraries/XMCLib/src/xmc_common.c ****     *list = item;
 370              	 .loc 2 115 0
 371 001e 7B68     	 ldr r3,[r7,#4]
 372 0020 3A68     	 ldr r2,[r7]
 373 0022 1A60     	 str r2,[r3]
 374 0024 02E0     	 b .L16
 375              	.L17:
 116:../Libraries/XMCLib/src/xmc_common.c ****   } 
 117:../Libraries/XMCLib/src/xmc_common.c ****   else 
 118:../Libraries/XMCLib/src/xmc_common.c ****   {
 119:../Libraries/XMCLib/src/xmc_common.c ****     tail->next = (struct list *)item;
 376              	 .loc 2 119 0
 377 0026 FB68     	 ldr r3,[r7,#12]
 378 0028 3A68     	 ldr r2,[r7]
 379 002a 1A60     	 str r2,[r3]
 380              	.L16:
 120:../Libraries/XMCLib/src/xmc_common.c ****   }
 121:../Libraries/XMCLib/src/xmc_common.c **** }
 381              	 .loc 2 121 0
 382 002c 1037     	 adds r7,r7,#16
 383              	.LCFI39:
 384              	 .cfi_def_cfa_offset 8
 385 002e BD46     	 mov sp,r7
 386              	.LCFI40:
 387              	 .cfi_def_cfa_register 13
 388              	 
 389 0030 80BD     	 pop {r7,pc}
 390              	 .cfi_endproc
 391              	.LFE140:
 393 0032 00BF     	 .section .text.XMC_LIST_Remove,"ax",%progbits
 394              	 .align 2
 395              	 .global XMC_LIST_Remove
 396              	 .thumb
 397              	 .thumb_func
 399              	XMC_LIST_Remove:
 400              	.LFB141:
 122:../Libraries/XMCLib/src/xmc_common.c **** 
 123:../Libraries/XMCLib/src/xmc_common.c **** void XMC_LIST_Remove(XMC_LIST_t *list, void *item)
 124:../Libraries/XMCLib/src/xmc_common.c **** {
 401              	 .loc 2 124 0
 402              	 .cfi_startproc
 403              	 
 404              	 
 405              	 
 406 0000 80B4     	 push {r7}
 407              	.LCFI41:
 408              	 .cfi_def_cfa_offset 4
 409              	 .cfi_offset 7,-4
 410 0002 85B0     	 sub sp,sp,#20
 411              	.LCFI42:
 412              	 .cfi_def_cfa_offset 24
 413 0004 00AF     	 add r7,sp,#0
 414              	.LCFI43:
 415              	 .cfi_def_cfa_register 7
 416 0006 7860     	 str r0,[r7,#4]
 417 0008 3960     	 str r1,[r7]
 125:../Libraries/XMCLib/src/xmc_common.c ****   struct list *right, *left;
 126:../Libraries/XMCLib/src/xmc_common.c ****   
 127:../Libraries/XMCLib/src/xmc_common.c ****   if (*list != NULL) 
 418              	 .loc 2 127 0
 419 000a 7B68     	 ldr r3,[r7,#4]
 420 000c 1B68     	 ldr r3,[r3]
 421 000e 002B     	 cmp r3,#0
 422 0010 21D0     	 beq .L19
 128:../Libraries/XMCLib/src/xmc_common.c ****   {
 129:../Libraries/XMCLib/src/xmc_common.c ****     left = NULL;
 423              	 .loc 2 129 0
 424 0012 0023     	 movs r3,#0
 425 0014 BB60     	 str r3,[r7,#8]
 130:../Libraries/XMCLib/src/xmc_common.c ****     for(right = (struct list *)*list; right != NULL; right = right->next)
 426              	 .loc 2 130 0
 427 0016 7B68     	 ldr r3,[r7,#4]
 428 0018 1B68     	 ldr r3,[r3]
 429 001a FB60     	 str r3,[r7,#12]
 430 001c 18E0     	 b .L21
 431              	.L25:
 131:../Libraries/XMCLib/src/xmc_common.c ****     {
 132:../Libraries/XMCLib/src/xmc_common.c ****       if(right == item) 
 432              	 .loc 2 132 0
 433 001e FA68     	 ldr r2,[r7,#12]
 434 0020 3B68     	 ldr r3,[r7]
 435 0022 9A42     	 cmp r2,r3
 436 0024 0FD1     	 bne .L22
 133:../Libraries/XMCLib/src/xmc_common.c ****       {
 134:../Libraries/XMCLib/src/xmc_common.c ****         if(left == NULL) 
 437              	 .loc 2 134 0
 438 0026 BB68     	 ldr r3,[r7,#8]
 439 0028 002B     	 cmp r3,#0
 440 002a 04D1     	 bne .L23
 135:../Libraries/XMCLib/src/xmc_common.c ****         {
 136:../Libraries/XMCLib/src/xmc_common.c ****           /* First on list */
 137:../Libraries/XMCLib/src/xmc_common.c ****           *list = right->next;
 441              	 .loc 2 137 0
 442 002c FB68     	 ldr r3,[r7,#12]
 443 002e 1A68     	 ldr r2,[r3]
 444 0030 7B68     	 ldr r3,[r7,#4]
 445 0032 1A60     	 str r2,[r3]
 446 0034 03E0     	 b .L24
 447              	.L23:
 138:../Libraries/XMCLib/src/xmc_common.c ****         } 
 139:../Libraries/XMCLib/src/xmc_common.c ****         else 
 140:../Libraries/XMCLib/src/xmc_common.c ****         {
 141:../Libraries/XMCLib/src/xmc_common.c ****           /* Not first on list */
 142:../Libraries/XMCLib/src/xmc_common.c ****           left->next = right->next;
 448              	 .loc 2 142 0
 449 0036 FB68     	 ldr r3,[r7,#12]
 450 0038 1A68     	 ldr r2,[r3]
 451 003a BB68     	 ldr r3,[r7,#8]
 452 003c 1A60     	 str r2,[r3]
 453              	.L24:
 143:../Libraries/XMCLib/src/xmc_common.c ****         }
 144:../Libraries/XMCLib/src/xmc_common.c ****         right->next = NULL;
 454              	 .loc 2 144 0
 455 003e FB68     	 ldr r3,[r7,#12]
 456 0040 0022     	 movs r2,#0
 457 0042 1A60     	 str r2,[r3]
 145:../Libraries/XMCLib/src/xmc_common.c ****         break;
 458              	 .loc 2 145 0
 459 0044 07E0     	 b .L19
 460              	.L22:
 146:../Libraries/XMCLib/src/xmc_common.c ****       }
 147:../Libraries/XMCLib/src/xmc_common.c ****       left = right;
 461              	 .loc 2 147 0 discriminator 2
 462 0046 FB68     	 ldr r3,[r7,#12]
 463 0048 BB60     	 str r3,[r7,#8]
 130:../Libraries/XMCLib/src/xmc_common.c ****     {
 464              	 .loc 2 130 0 discriminator 2
 465 004a FB68     	 ldr r3,[r7,#12]
 466 004c 1B68     	 ldr r3,[r3]
 467 004e FB60     	 str r3,[r7,#12]
 468              	.L21:
 130:../Libraries/XMCLib/src/xmc_common.c ****     {
 469              	 .loc 2 130 0 is_stmt 0 discriminator 1
 470 0050 FB68     	 ldr r3,[r7,#12]
 471 0052 002B     	 cmp r3,#0
 472 0054 E3D1     	 bne .L25
 473              	.L19:
 148:../Libraries/XMCLib/src/xmc_common.c ****     }
 149:../Libraries/XMCLib/src/xmc_common.c ****   }
 150:../Libraries/XMCLib/src/xmc_common.c **** }
 474              	 .loc 2 150 0 is_stmt 1
 475 0056 1437     	 adds r7,r7,#20
 476              	.LCFI44:
 477              	 .cfi_def_cfa_offset 4
 478 0058 BD46     	 mov sp,r7
 479              	.LCFI45:
 480              	 .cfi_def_cfa_register 13
 481              	 
 482 005a 5DF8047B 	 ldr r7,[sp],#4
 483              	.LCFI46:
 484              	 .cfi_restore 7
 485              	 .cfi_def_cfa_offset 0
 486 005e 7047     	 bx lr
 487              	 .cfi_endproc
 488              	.LFE141:
 490              	 .section .text.XMC_LIST_Insert,"ax",%progbits
 491              	 .align 2
 492              	 .global XMC_LIST_Insert
 493              	 .thumb
 494              	 .thumb_func
 496              	XMC_LIST_Insert:
 497              	.LFB142:
 151:../Libraries/XMCLib/src/xmc_common.c **** 
 152:../Libraries/XMCLib/src/xmc_common.c **** void XMC_LIST_Insert(XMC_LIST_t *list, void *prev_item, void *new_item)
 153:../Libraries/XMCLib/src/xmc_common.c **** {
 498              	 .loc 2 153 0
 499              	 .cfi_startproc
 500              	 
 501              	 
 502              	 
 503 0000 80B4     	 push {r7}
 504              	.LCFI47:
 505              	 .cfi_def_cfa_offset 4
 506              	 .cfi_offset 7,-4
 507 0002 85B0     	 sub sp,sp,#20
 508              	.LCFI48:
 509              	 .cfi_def_cfa_offset 24
 510 0004 00AF     	 add r7,sp,#0
 511              	.LCFI49:
 512              	 .cfi_def_cfa_register 7
 513 0006 F860     	 str r0,[r7,#12]
 514 0008 B960     	 str r1,[r7,#8]
 515 000a 7A60     	 str r2,[r7,#4]
 154:../Libraries/XMCLib/src/xmc_common.c ****   if (prev_item == NULL) 
 516              	 .loc 2 154 0
 517 000c BB68     	 ldr r3,[r7,#8]
 518 000e 002B     	 cmp r3,#0
 519 0010 07D1     	 bne .L27
 155:../Libraries/XMCLib/src/xmc_common.c ****   {
 156:../Libraries/XMCLib/src/xmc_common.c **** 	((struct list *)new_item)->next = (struct list *)*list;
 520              	 .loc 2 156 0
 521 0012 FB68     	 ldr r3,[r7,#12]
 522 0014 1A68     	 ldr r2,[r3]
 523 0016 7B68     	 ldr r3,[r7,#4]
 524 0018 1A60     	 str r2,[r3]
 157:../Libraries/XMCLib/src/xmc_common.c **** 	*list = new_item;
 525              	 .loc 2 157 0
 526 001a FB68     	 ldr r3,[r7,#12]
 527 001c 7A68     	 ldr r2,[r7,#4]
 528 001e 1A60     	 str r2,[r3]
 529 0020 06E0     	 b .L26
 530              	.L27:
 158:../Libraries/XMCLib/src/xmc_common.c ****   } 
 159:../Libraries/XMCLib/src/xmc_common.c ****   else 
 160:../Libraries/XMCLib/src/xmc_common.c ****   {
 161:../Libraries/XMCLib/src/xmc_common.c ****     ((struct list *)new_item)->next = ((struct list *)prev_item)->next;
 531              	 .loc 2 161 0
 532 0022 BB68     	 ldr r3,[r7,#8]
 533 0024 1A68     	 ldr r2,[r3]
 534 0026 7B68     	 ldr r3,[r7,#4]
 535 0028 1A60     	 str r2,[r3]
 162:../Libraries/XMCLib/src/xmc_common.c ****     ((struct list *)prev_item)->next = (struct list *)new_item;
 536              	 .loc 2 162 0
 537 002a BB68     	 ldr r3,[r7,#8]
 538 002c 7A68     	 ldr r2,[r7,#4]
 539 002e 1A60     	 str r2,[r3]
 540              	.L26:
 163:../Libraries/XMCLib/src/xmc_common.c ****   }
 164:../Libraries/XMCLib/src/xmc_common.c **** }
 541              	 .loc 2 164 0
 542 0030 1437     	 adds r7,r7,#20
 543              	.LCFI50:
 544              	 .cfi_def_cfa_offset 4
 545 0032 BD46     	 mov sp,r7
 546              	.LCFI51:
 547              	 .cfi_def_cfa_register 13
 548              	 
 549 0034 5DF8047B 	 ldr r7,[sp],#4
 550              	.LCFI52:
 551              	 .cfi_restore 7
 552              	 .cfi_def_cfa_offset 0
 553 0038 7047     	 bx lr
 554              	 .cfi_endproc
 555              	.LFE142:
 557 003a 00BF     	 .section .text.XMC_PRIOARRAY_Init,"ax",%progbits
 558              	 .align 2
 559              	 .global XMC_PRIOARRAY_Init
 560              	 .thumb
 561              	 .thumb_func
 563              	XMC_PRIOARRAY_Init:
 564              	.LFB143:
 165:../Libraries/XMCLib/src/xmc_common.c **** 
 166:../Libraries/XMCLib/src/xmc_common.c **** void XMC_PRIOARRAY_Init(XMC_PRIOARRAY_t *prioarray)
 167:../Libraries/XMCLib/src/xmc_common.c **** {
 565              	 .loc 2 167 0
 566              	 .cfi_startproc
 567              	 
 568              	 
 569              	 
 570 0000 80B4     	 push {r7}
 571              	.LCFI53:
 572              	 .cfi_def_cfa_offset 4
 573              	 .cfi_offset 7,-4
 574 0002 83B0     	 sub sp,sp,#12
 575              	.LCFI54:
 576              	 .cfi_def_cfa_offset 16
 577 0004 00AF     	 add r7,sp,#0
 578              	.LCFI55:
 579              	 .cfi_def_cfa_register 7
 580 0006 7860     	 str r0,[r7,#4]
 168:../Libraries/XMCLib/src/xmc_common.c ****   XMC_ASSERT("XMC_PRIOARRAY_Init: NULL pointer", prioarray != NULL);
 169:../Libraries/XMCLib/src/xmc_common.c **** 
 170:../Libraries/XMCLib/src/xmc_common.c ****   /* Initialize head, next points to tail, previous to NULL and the priority is MININT */
 171:../Libraries/XMCLib/src/xmc_common.c ****   prioarray->items[prioarray->size].next = prioarray->size + 1;
 581              	 .loc 2 171 0
 582 0008 7B68     	 ldr r3,[r7,#4]
 583 000a 5A68     	 ldr r2,[r3,#4]
 584 000c 7B68     	 ldr r3,[r7,#4]
 585 000e 1B68     	 ldr r3,[r3]
 586 0010 1946     	 mov r1,r3
 587 0012 0B46     	 mov r3,r1
 588 0014 5B00     	 lsls r3,r3,#1
 589 0016 0B44     	 add r3,r3,r1
 590 0018 9B00     	 lsls r3,r3,#2
 591 001a 1344     	 add r3,r3,r2
 592 001c 7A68     	 ldr r2,[r7,#4]
 593 001e 1268     	 ldr r2,[r2]
 594 0020 0132     	 adds r2,r2,#1
 595 0022 9A60     	 str r2,[r3,#8]
 172:../Libraries/XMCLib/src/xmc_common.c ****   prioarray->items[prioarray->size].previous = -1;
 596              	 .loc 2 172 0
 597 0024 7B68     	 ldr r3,[r7,#4]
 598 0026 5A68     	 ldr r2,[r3,#4]
 599 0028 7B68     	 ldr r3,[r7,#4]
 600 002a 1B68     	 ldr r3,[r3]
 601 002c 1946     	 mov r1,r3
 602 002e 0B46     	 mov r3,r1
 603 0030 5B00     	 lsls r3,r3,#1
 604 0032 0B44     	 add r3,r3,r1
 605 0034 9B00     	 lsls r3,r3,#2
 606 0036 1344     	 add r3,r3,r2
 607 0038 4FF0FF32 	 mov r2,#-1
 608 003c 5A60     	 str r2,[r3,#4]
 173:../Libraries/XMCLib/src/xmc_common.c ****   prioarray->items[prioarray->size].priority = INT32_MAX;
 609              	 .loc 2 173 0
 610 003e 7B68     	 ldr r3,[r7,#4]
 611 0040 5A68     	 ldr r2,[r3,#4]
 612 0042 7B68     	 ldr r3,[r7,#4]
 613 0044 1B68     	 ldr r3,[r3]
 614 0046 1946     	 mov r1,r3
 615 0048 0B46     	 mov r3,r1
 616 004a 5B00     	 lsls r3,r3,#1
 617 004c 0B44     	 add r3,r3,r1
 618 004e 9B00     	 lsls r3,r3,#2
 619 0050 1344     	 add r3,r3,r2
 620 0052 6FF00042 	 mvn r2,#-2147483648
 621 0056 1A60     	 str r2,[r3]
 174:../Libraries/XMCLib/src/xmc_common.c **** 
 175:../Libraries/XMCLib/src/xmc_common.c ****   /* Initialize tail, next points to NULL, previous is the head and the priority is MAXINT */
 176:../Libraries/XMCLib/src/xmc_common.c ****   prioarray->items[prioarray->size + 1].next = -1;
 622              	 .loc 2 176 0
 623 0058 7B68     	 ldr r3,[r7,#4]
 624 005a 5968     	 ldr r1,[r3,#4]
 625 005c 7B68     	 ldr r3,[r7,#4]
 626 005e 1B68     	 ldr r3,[r3]
 627 0060 5A1C     	 adds r2,r3,#1
 628 0062 1346     	 mov r3,r2
 629 0064 5B00     	 lsls r3,r3,#1
 630 0066 1344     	 add r3,r3,r2
 631 0068 9B00     	 lsls r3,r3,#2
 632 006a 0B44     	 add r3,r3,r1
 633 006c 4FF0FF32 	 mov r2,#-1
 634 0070 9A60     	 str r2,[r3,#8]
 177:../Libraries/XMCLib/src/xmc_common.c ****   prioarray->items[prioarray->size + 1].previous = prioarray->size;
 635              	 .loc 2 177 0
 636 0072 7B68     	 ldr r3,[r7,#4]
 637 0074 5968     	 ldr r1,[r3,#4]
 638 0076 7B68     	 ldr r3,[r7,#4]
 639 0078 1B68     	 ldr r3,[r3]
 640 007a 5A1C     	 adds r2,r3,#1
 641 007c 1346     	 mov r3,r2
 642 007e 5B00     	 lsls r3,r3,#1
 643 0080 1344     	 add r3,r3,r2
 644 0082 9B00     	 lsls r3,r3,#2
 645 0084 0B44     	 add r3,r3,r1
 646 0086 7A68     	 ldr r2,[r7,#4]
 647 0088 1268     	 ldr r2,[r2]
 648 008a 5A60     	 str r2,[r3,#4]
 178:../Libraries/XMCLib/src/xmc_common.c ****   prioarray->items[prioarray->size + 1].priority = INT32_MIN;
 649              	 .loc 2 178 0
 650 008c 7B68     	 ldr r3,[r7,#4]
 651 008e 5968     	 ldr r1,[r3,#4]
 652 0090 7B68     	 ldr r3,[r7,#4]
 653 0092 1B68     	 ldr r3,[r3]
 654 0094 5A1C     	 adds r2,r3,#1
 655 0096 1346     	 mov r3,r2
 656 0098 5B00     	 lsls r3,r3,#1
 657 009a 1344     	 add r3,r3,r2
 658 009c 9B00     	 lsls r3,r3,#2
 659 009e 0B44     	 add r3,r3,r1
 660 00a0 4FF00042 	 mov r2,#-2147483648
 661 00a4 1A60     	 str r2,[r3]
 179:../Libraries/XMCLib/src/xmc_common.c **** 
 180:../Libraries/XMCLib/src/xmc_common.c **** }
 662              	 .loc 2 180 0
 663 00a6 0C37     	 adds r7,r7,#12
 664              	.LCFI56:
 665              	 .cfi_def_cfa_offset 4
 666 00a8 BD46     	 mov sp,r7
 667              	.LCFI57:
 668              	 .cfi_def_cfa_register 13
 669              	 
 670 00aa 5DF8047B 	 ldr r7,[sp],#4
 671              	.LCFI58:
 672              	 .cfi_restore 7
 673              	 .cfi_def_cfa_offset 0
 674 00ae 7047     	 bx lr
 675              	 .cfi_endproc
 676              	.LFE143:
 678              	 .section .text.XMC_PRIOARRAY_Add,"ax",%progbits
 679              	 .align 2
 680              	 .global XMC_PRIOARRAY_Add
 681              	 .thumb
 682              	 .thumb_func
 684              	XMC_PRIOARRAY_Add:
 685              	.LFB144:
 181:../Libraries/XMCLib/src/xmc_common.c **** 
 182:../Libraries/XMCLib/src/xmc_common.c **** void XMC_PRIOARRAY_Add(XMC_PRIOARRAY_t *prioarray, int32_t item, int32_t priority)
 183:../Libraries/XMCLib/src/xmc_common.c **** {
 686              	 .loc 2 183 0
 687              	 .cfi_startproc
 688              	 
 689              	 
 690 0000 80B5     	 push {r7,lr}
 691              	.LCFI59:
 692              	 .cfi_def_cfa_offset 8
 693              	 .cfi_offset 7,-8
 694              	 .cfi_offset 14,-4
 695 0002 86B0     	 sub sp,sp,#24
 696              	.LCFI60:
 697              	 .cfi_def_cfa_offset 32
 698 0004 00AF     	 add r7,sp,#0
 699              	.LCFI61:
 700              	 .cfi_def_cfa_register 7
 701 0006 F860     	 str r0,[r7,#12]
 702 0008 B960     	 str r1,[r7,#8]
 703 000a 7A60     	 str r2,[r7,#4]
 184:../Libraries/XMCLib/src/xmc_common.c ****   int32_t next;
 185:../Libraries/XMCLib/src/xmc_common.c ****   int32_t previous;
 186:../Libraries/XMCLib/src/xmc_common.c **** 
 187:../Libraries/XMCLib/src/xmc_common.c ****   XMC_ASSERT("XMC_PRIOARRAY_Add: item out of range", (item >= 0) && (item < prioarray->size));
 188:../Libraries/XMCLib/src/xmc_common.c ****   
 189:../Libraries/XMCLib/src/xmc_common.c ****   next = XMC_PRIOARRAY_GetHead(prioarray);
 704              	 .loc 2 189 0
 705 000c F868     	 ldr r0,[r7,#12]
 706 000e FFF7FEFF 	 bl XMC_PRIOARRAY_GetHead
 707 0012 7861     	 str r0,[r7,#20]
 190:../Libraries/XMCLib/src/xmc_common.c ****   while (XMC_PRIOARRAY_GetItemPriority(prioarray, next) > priority)
 708              	 .loc 2 190 0
 709 0014 04E0     	 b .L31
 710              	.L32:
 191:../Libraries/XMCLib/src/xmc_common.c ****   {
 192:../Libraries/XMCLib/src/xmc_common.c ****     next = XMC_PRIOARRAY_GetItemNext(prioarray, next);
 711              	 .loc 2 192 0
 712 0016 F868     	 ldr r0,[r7,#12]
 713 0018 7969     	 ldr r1,[r7,#20]
 714 001a FFF7FEFF 	 bl XMC_PRIOARRAY_GetItemNext
 715 001e 7861     	 str r0,[r7,#20]
 716              	.L31:
 190:../Libraries/XMCLib/src/xmc_common.c ****   while (XMC_PRIOARRAY_GetItemPriority(prioarray, next) > priority)
 717              	 .loc 2 190 0
 718 0020 F868     	 ldr r0,[r7,#12]
 719 0022 7969     	 ldr r1,[r7,#20]
 720 0024 FFF7FEFF 	 bl XMC_PRIOARRAY_GetItemPriority
 721 0028 0246     	 mov r2,r0
 722 002a 7B68     	 ldr r3,[r7,#4]
 723 002c 9A42     	 cmp r2,r3
 724 002e F2DC     	 bgt .L32
 193:../Libraries/XMCLib/src/xmc_common.c ****   }
 194:../Libraries/XMCLib/src/xmc_common.c **** 
 195:../Libraries/XMCLib/src/xmc_common.c ****   previous = prioarray->items[next].previous;
 725              	 .loc 2 195 0
 726 0030 FB68     	 ldr r3,[r7,#12]
 727 0032 5968     	 ldr r1,[r3,#4]
 728 0034 7A69     	 ldr r2,[r7,#20]
 729 0036 1346     	 mov r3,r2
 730 0038 5B00     	 lsls r3,r3,#1
 731 003a 1344     	 add r3,r3,r2
 732 003c 9B00     	 lsls r3,r3,#2
 733 003e 0B44     	 add r3,r3,r1
 734 0040 5B68     	 ldr r3,[r3,#4]
 735 0042 3B61     	 str r3,[r7,#16]
 196:../Libraries/XMCLib/src/xmc_common.c **** 
 197:../Libraries/XMCLib/src/xmc_common.c ****   prioarray->items[item].next = next;
 736              	 .loc 2 197 0
 737 0044 FB68     	 ldr r3,[r7,#12]
 738 0046 5968     	 ldr r1,[r3,#4]
 739 0048 BA68     	 ldr r2,[r7,#8]
 740 004a 1346     	 mov r3,r2
 741 004c 5B00     	 lsls r3,r3,#1
 742 004e 1344     	 add r3,r3,r2
 743 0050 9B00     	 lsls r3,r3,#2
 744 0052 0B44     	 add r3,r3,r1
 745 0054 7A69     	 ldr r2,[r7,#20]
 746 0056 9A60     	 str r2,[r3,#8]
 198:../Libraries/XMCLib/src/xmc_common.c ****   prioarray->items[item].previous = previous;
 747              	 .loc 2 198 0
 748 0058 FB68     	 ldr r3,[r7,#12]
 749 005a 5968     	 ldr r1,[r3,#4]
 750 005c BA68     	 ldr r2,[r7,#8]
 751 005e 1346     	 mov r3,r2
 752 0060 5B00     	 lsls r3,r3,#1
 753 0062 1344     	 add r3,r3,r2
 754 0064 9B00     	 lsls r3,r3,#2
 755 0066 0B44     	 add r3,r3,r1
 756 0068 3A69     	 ldr r2,[r7,#16]
 757 006a 5A60     	 str r2,[r3,#4]
 199:../Libraries/XMCLib/src/xmc_common.c ****   prioarray->items[item].priority = priority;
 758              	 .loc 2 199 0
 759 006c FB68     	 ldr r3,[r7,#12]
 760 006e 5968     	 ldr r1,[r3,#4]
 761 0070 BA68     	 ldr r2,[r7,#8]
 762 0072 1346     	 mov r3,r2
 763 0074 5B00     	 lsls r3,r3,#1
 764 0076 1344     	 add r3,r3,r2
 765 0078 9B00     	 lsls r3,r3,#2
 766 007a 0B44     	 add r3,r3,r1
 767 007c 7A68     	 ldr r2,[r7,#4]
 768 007e 1A60     	 str r2,[r3]
 200:../Libraries/XMCLib/src/xmc_common.c **** 
 201:../Libraries/XMCLib/src/xmc_common.c ****   prioarray->items[previous].next = item;
 769              	 .loc 2 201 0
 770 0080 FB68     	 ldr r3,[r7,#12]
 771 0082 5968     	 ldr r1,[r3,#4]
 772 0084 3A69     	 ldr r2,[r7,#16]
 773 0086 1346     	 mov r3,r2
 774 0088 5B00     	 lsls r3,r3,#1
 775 008a 1344     	 add r3,r3,r2
 776 008c 9B00     	 lsls r3,r3,#2
 777 008e 0B44     	 add r3,r3,r1
 778 0090 BA68     	 ldr r2,[r7,#8]
 779 0092 9A60     	 str r2,[r3,#8]
 202:../Libraries/XMCLib/src/xmc_common.c ****   prioarray->items[next].previous = item;
 780              	 .loc 2 202 0
 781 0094 FB68     	 ldr r3,[r7,#12]
 782 0096 5968     	 ldr r1,[r3,#4]
 783 0098 7A69     	 ldr r2,[r7,#20]
 784 009a 1346     	 mov r3,r2
 785 009c 5B00     	 lsls r3,r3,#1
 786 009e 1344     	 add r3,r3,r2
 787 00a0 9B00     	 lsls r3,r3,#2
 788 00a2 0B44     	 add r3,r3,r1
 789 00a4 BA68     	 ldr r2,[r7,#8]
 790 00a6 5A60     	 str r2,[r3,#4]
 203:../Libraries/XMCLib/src/xmc_common.c **** }
 791              	 .loc 2 203 0
 792 00a8 1837     	 adds r7,r7,#24
 793              	.LCFI62:
 794              	 .cfi_def_cfa_offset 8
 795 00aa BD46     	 mov sp,r7
 796              	.LCFI63:
 797              	 .cfi_def_cfa_register 13
 798              	 
 799 00ac 80BD     	 pop {r7,pc}
 800              	 .cfi_endproc
 801              	.LFE144:
 803 00ae 00BF     	 .section .text.XMC_PRIOARRAY_Remove,"ax",%progbits
 804              	 .align 2
 805              	 .global XMC_PRIOARRAY_Remove
 806              	 .thumb
 807              	 .thumb_func
 809              	XMC_PRIOARRAY_Remove:
 810              	.LFB145:
 204:../Libraries/XMCLib/src/xmc_common.c **** 
 205:../Libraries/XMCLib/src/xmc_common.c **** void XMC_PRIOARRAY_Remove(XMC_PRIOARRAY_t *prioarray, int32_t item)
 206:../Libraries/XMCLib/src/xmc_common.c **** {
 811              	 .loc 2 206 0
 812              	 .cfi_startproc
 813              	 
 814              	 
 815              	 
 816 0000 80B4     	 push {r7}
 817              	.LCFI64:
 818              	 .cfi_def_cfa_offset 4
 819              	 .cfi_offset 7,-4
 820 0002 85B0     	 sub sp,sp,#20
 821              	.LCFI65:
 822              	 .cfi_def_cfa_offset 24
 823 0004 00AF     	 add r7,sp,#0
 824              	.LCFI66:
 825              	 .cfi_def_cfa_register 7
 826 0006 7860     	 str r0,[r7,#4]
 827 0008 3960     	 str r1,[r7]
 207:../Libraries/XMCLib/src/xmc_common.c ****   int32_t next;
 208:../Libraries/XMCLib/src/xmc_common.c ****   int32_t previous;
 209:../Libraries/XMCLib/src/xmc_common.c **** 
 210:../Libraries/XMCLib/src/xmc_common.c ****   XMC_ASSERT("XMC_PRIOARRAY_Add: item out of range", (item >= 0) && (item < prioarray->size));
 211:../Libraries/XMCLib/src/xmc_common.c ****   
 212:../Libraries/XMCLib/src/xmc_common.c ****   next = prioarray->items[item].next;
 828              	 .loc 2 212 0
 829 000a 7B68     	 ldr r3,[r7,#4]
 830 000c 5968     	 ldr r1,[r3,#4]
 831 000e 3A68     	 ldr r2,[r7]
 832 0010 1346     	 mov r3,r2
 833 0012 5B00     	 lsls r3,r3,#1
 834 0014 1344     	 add r3,r3,r2
 835 0016 9B00     	 lsls r3,r3,#2
 836 0018 0B44     	 add r3,r3,r1
 837 001a 9B68     	 ldr r3,[r3,#8]
 838 001c FB60     	 str r3,[r7,#12]
 213:../Libraries/XMCLib/src/xmc_common.c ****   previous = prioarray->items[item].previous;
 839              	 .loc 2 213 0
 840 001e 7B68     	 ldr r3,[r7,#4]
 841 0020 5968     	 ldr r1,[r3,#4]
 842 0022 3A68     	 ldr r2,[r7]
 843 0024 1346     	 mov r3,r2
 844 0026 5B00     	 lsls r3,r3,#1
 845 0028 1344     	 add r3,r3,r2
 846 002a 9B00     	 lsls r3,r3,#2
 847 002c 0B44     	 add r3,r3,r1
 848 002e 5B68     	 ldr r3,[r3,#4]
 849 0030 BB60     	 str r3,[r7,#8]
 214:../Libraries/XMCLib/src/xmc_common.c **** 
 215:../Libraries/XMCLib/src/xmc_common.c ****   prioarray->items[previous].next = next;
 850              	 .loc 2 215 0
 851 0032 7B68     	 ldr r3,[r7,#4]
 852 0034 5968     	 ldr r1,[r3,#4]
 853 0036 BA68     	 ldr r2,[r7,#8]
 854 0038 1346     	 mov r3,r2
 855 003a 5B00     	 lsls r3,r3,#1
 856 003c 1344     	 add r3,r3,r2
 857 003e 9B00     	 lsls r3,r3,#2
 858 0040 0B44     	 add r3,r3,r1
 859 0042 FA68     	 ldr r2,[r7,#12]
 860 0044 9A60     	 str r2,[r3,#8]
 216:../Libraries/XMCLib/src/xmc_common.c ****   prioarray->items[next].previous = previous;
 861              	 .loc 2 216 0
 862 0046 7B68     	 ldr r3,[r7,#4]
 863 0048 5968     	 ldr r1,[r3,#4]
 864 004a FA68     	 ldr r2,[r7,#12]
 865 004c 1346     	 mov r3,r2
 866 004e 5B00     	 lsls r3,r3,#1
 867 0050 1344     	 add r3,r3,r2
 868 0052 9B00     	 lsls r3,r3,#2
 869 0054 0B44     	 add r3,r3,r1
 870 0056 BA68     	 ldr r2,[r7,#8]
 871 0058 5A60     	 str r2,[r3,#4]
 217:../Libraries/XMCLib/src/xmc_common.c **** }
 872              	 .loc 2 217 0
 873 005a 1437     	 adds r7,r7,#20
 874              	.LCFI67:
 875              	 .cfi_def_cfa_offset 4
 876 005c BD46     	 mov sp,r7
 877              	.LCFI68:
 878              	 .cfi_def_cfa_register 13
 879              	 
 880 005e 5DF8047B 	 ldr r7,[sp],#4
 881              	.LCFI69:
 882              	 .cfi_restore 7
 883              	 .cfi_def_cfa_offset 0
 884 0062 7047     	 bx lr
 885              	 .cfi_endproc
 886              	.LFE145:
 888              	 .text
 889              	.Letext0:
 890              	 .file 3 "c:\\tools\\dave-ide-4.4.2-64bit\\eclipse\\arm-gcc-49\\arm-none-eabi\\include\\machine\\_default_types.h"
 891              	 .file 4 "c:\\tools\\dave-ide-4.4.2-64bit\\eclipse\\arm-gcc-49\\arm-none-eabi\\include\\stdint.h"
 892              	 .file 5 "C:/Users/Admin/DaveWorkspaces/XMC4300_PWMTest/Libraries/CMSIS/Include/cmsis_gcc.h"
 893              	 .file 6 "C:/Users/Admin/DaveWorkspaces/XMC4300_PWMTest/Libraries/CMSIS/Include/core_cm4.h"
DEFINED SYMBOLS
                            *ABS*:00000000 xmc_common.c
    {standard input}:20     .text.XMC_PRIOARRAY_GetHead:00000000 $t
    {standard input}:24     .text.XMC_PRIOARRAY_GetHead:00000000 XMC_PRIOARRAY_GetHead
    {standard input}:73     .text.XMC_PRIOARRAY_GetItemPriority:00000000 $t
    {standard input}:77     .text.XMC_PRIOARRAY_GetItemPriority:00000000 XMC_PRIOARRAY_GetItemPriority
    {standard input}:124    .text.XMC_PRIOARRAY_GetItemNext:00000000 $t
    {standard input}:128    .text.XMC_PRIOARRAY_GetItemNext:00000000 XMC_PRIOARRAY_GetItemNext
    {standard input}:175    .text.XMC_LIST_Init:00000000 $t
    {standard input}:180    .text.XMC_LIST_Init:00000000 XMC_LIST_Init
    {standard input}:220    .text.XMC_LIST_GetHead:00000000 $t
    {standard input}:225    .text.XMC_LIST_GetHead:00000000 XMC_LIST_GetHead
    {standard input}:264    .text.XMC_LIST_GetTail:00000000 $t
    {standard input}:269    .text.XMC_LIST_GetTail:00000000 XMC_LIST_GetTail
    {standard input}:334    .text.XMC_LIST_Add:00000000 $t
    {standard input}:339    .text.XMC_LIST_Add:00000000 XMC_LIST_Add
    {standard input}:394    .text.XMC_LIST_Remove:00000000 $t
    {standard input}:399    .text.XMC_LIST_Remove:00000000 XMC_LIST_Remove
    {standard input}:491    .text.XMC_LIST_Insert:00000000 $t
    {standard input}:496    .text.XMC_LIST_Insert:00000000 XMC_LIST_Insert
    {standard input}:558    .text.XMC_PRIOARRAY_Init:00000000 $t
    {standard input}:563    .text.XMC_PRIOARRAY_Init:00000000 XMC_PRIOARRAY_Init
    {standard input}:679    .text.XMC_PRIOARRAY_Add:00000000 $t
    {standard input}:684    .text.XMC_PRIOARRAY_Add:00000000 XMC_PRIOARRAY_Add
    {standard input}:804    .text.XMC_PRIOARRAY_Remove:00000000 $t
    {standard input}:809    .text.XMC_PRIOARRAY_Remove:00000000 XMC_PRIOARRAY_Remove
                     .debug_frame:00000010 $d

NO UNDEFINED SYMBOLS
