   1              	 .syntax unified
   2              	 .cpu cortex-m4
   3              	 .eabi_attribute 27,3
   4              	 .fpu fpv4-sp-d16
   5              	 .eabi_attribute 20,1
   6              	 .eabi_attribute 21,1
   7              	 .eabi_attribute 23,3
   8              	 .eabi_attribute 24,1
   9              	 .eabi_attribute 25,1
  10              	 .eabi_attribute 26,1
  11              	 .eabi_attribute 30,6
  12              	 .eabi_attribute 34,1
  13              	 .eabi_attribute 18,4
  14              	 .thumb
  15              	 .file "ecatcoe.c"
  16              	 .text
  17              	.Ltext0:
  18              	 .cfi_sections .debug_frame
  19              	 .comm pCoeSendStored,4,4
  20              	 .section .text.COE_Init,"ax",%progbits
  21              	 .align 2
  22              	 .global COE_Init
  23              	 .thumb
  24              	 .thumb_func
  26              	COE_Init:
  27              	.LFB137:
  28              	 .file 1 "../SSC/Src/ecatcoe.c"
   1:../SSC/Src/ecatcoe.c **** /*
   2:../SSC/Src/ecatcoe.c **** * This source file is part of the EtherCAT Slave Stack Code licensed by Beckhoff Automation GmbH & 
   3:../SSC/Src/ecatcoe.c **** * The corresponding license agreement applies. This hint shall not be removed.
   4:../SSC/Src/ecatcoe.c **** */
   5:../SSC/Src/ecatcoe.c **** 
   6:../SSC/Src/ecatcoe.c **** /**
   7:../SSC/Src/ecatcoe.c **** \addtogroup CoE CAN Application Profile over EtherCAT
   8:../SSC/Src/ecatcoe.c **** @{
   9:../SSC/Src/ecatcoe.c **** */
  10:../SSC/Src/ecatcoe.c **** 
  11:../SSC/Src/ecatcoe.c **** /**
  12:../SSC/Src/ecatcoe.c **** \file ecatcoe.c
  13:../SSC/Src/ecatcoe.c **** \author EthercatSSC@beckhoff.com
  14:../SSC/Src/ecatcoe.c **** \brief Implementation
  15:../SSC/Src/ecatcoe.c **** This file contains the CoE mailbox interface
  16:../SSC/Src/ecatcoe.c **** 
  17:../SSC/Src/ecatcoe.c **** \version 5.11
  18:../SSC/Src/ecatcoe.c **** 
  19:../SSC/Src/ecatcoe.c **** <br>Changes to version V5.0:<br>
  20:../SSC/Src/ecatcoe.c **** V5.11 COE4: "change prototype of ""COE_ContinueInd()"" return <> 0 if a failure occurred"<br>
  21:../SSC/Src/ecatcoe.c **** V5.11 ECAT10: change PROTO handling to prevent compiler errors<br>
  22:../SSC/Src/ecatcoe.c **** V5.11 TEST6: add test object to trigger Slave-to-Slave communication<br>
  23:../SSC/Src/ecatcoe.c **** V5.11 TEST7: add test behaviour to send an emergency on every SDO request (in SafeOP)<br>
  24:../SSC/Src/ecatcoe.c **** <br>Changes to version V4.40:<br>
  25:../SSC/Src/ecatcoe.c **** V5.0 SDO7: "SDOS_SdoInfoInd()" never return pending SDO Info service. Delete "NOERROR_INWORK" handl
  26:../SSC/Src/ecatcoe.c **** <br>Changes to version V4.08:<br>
  27:../SSC/Src/ecatcoe.c **** V4.40 SDO1: add initial value for "nSdoInfoFragmentsLeft"<br>
  28:../SSC/Src/ecatcoe.c **** V4.40 MBX6: change return value if no mailbox buffer is available<br>
  29:../SSC/Src/ecatcoe.c **** V4.08 MBX 1: If the switch MAILBOX_QUEUE was set, we have to put all SDO Info Responses in the Send
  30:../SSC/Src/ecatcoe.c **** */
  31:../SSC/Src/ecatcoe.c **** 
  32:../SSC/Src/ecatcoe.c **** /*---------------------------------------------------------------------------------------
  33:../SSC/Src/ecatcoe.c **** ------
  34:../SSC/Src/ecatcoe.c **** ------    Includes
  35:../SSC/Src/ecatcoe.c **** ------
  36:../SSC/Src/ecatcoe.c **** ---------------------------------------------------------------------------------------*/
  37:../SSC/Src/ecatcoe.c **** 
  38:../SSC/Src/ecatcoe.c **** #include "ecat_def.h"
  39:../SSC/Src/ecatcoe.c **** 
  40:../SSC/Src/ecatcoe.c **** 
  41:../SSC/Src/ecatcoe.c **** #include "sdoserv.h"
  42:../SSC/Src/ecatcoe.c **** #define    _ECATCOE_    1
  43:../SSC/Src/ecatcoe.c **** #include "ecatcoe.h"
  44:../SSC/Src/ecatcoe.c **** #undef      _ECATCOE_
  45:../SSC/Src/ecatcoe.c **** /*remove definition of _ECATCOE_ (#ifdef is used in ecatcoe.h)*/
  46:../SSC/Src/ecatcoe.c **** 
  47:../SSC/Src/ecatcoe.c **** 
  48:../SSC/Src/ecatcoe.c **** 
  49:../SSC/Src/ecatcoe.c **** 
  50:../SSC/Src/ecatcoe.c **** /*---------------------------------------------------------------------------------------
  51:../SSC/Src/ecatcoe.c **** ------
  52:../SSC/Src/ecatcoe.c **** ------    internal Types and Defines
  53:../SSC/Src/ecatcoe.c **** ------
  54:../SSC/Src/ecatcoe.c **** ---------------------------------------------------------------------------------------*/
  55:../SSC/Src/ecatcoe.c **** 
  56:../SSC/Src/ecatcoe.c **** #define    ECATCOE        0x4300
  57:../SSC/Src/ecatcoe.c **** #define    ECATCOEMAX    0x02
  58:../SSC/Src/ecatcoe.c **** 
  59:../SSC/Src/ecatcoe.c **** /*---------------------------------------------------------------------------------------
  60:../SSC/Src/ecatcoe.c **** ------
  61:../SSC/Src/ecatcoe.c **** ------    static variables
  62:../SSC/Src/ecatcoe.c **** ------
  63:../SSC/Src/ecatcoe.c **** ---------------------------------------------------------------------------------------*/
  64:../SSC/Src/ecatcoe.c **** 
  65:../SSC/Src/ecatcoe.c **** /*---------------------------------------------------------------------------------------
  66:../SSC/Src/ecatcoe.c **** ------
  67:../SSC/Src/ecatcoe.c **** ------    static functions
  68:../SSC/Src/ecatcoe.c **** ------
  69:../SSC/Src/ecatcoe.c **** ---------------------------------------------------------------------------------------*/
  70:../SSC/Src/ecatcoe.c **** 
  71:../SSC/Src/ecatcoe.c **** /*---------------------------------------------------------------------------------------
  72:../SSC/Src/ecatcoe.c **** ------
  73:../SSC/Src/ecatcoe.c **** ------    functions
  74:../SSC/Src/ecatcoe.c **** ------
  75:../SSC/Src/ecatcoe.c **** ---------------------------------------------------------------------------------------*/
  76:../SSC/Src/ecatcoe.c **** 
  77:../SSC/Src/ecatcoe.c **** /////////////////////////////////////////////////////////////////////////////////////////
  78:../SSC/Src/ecatcoe.c **** /**
  79:../SSC/Src/ecatcoe.c **** 
  80:../SSC/Src/ecatcoe.c ****  \brief    This function intialize the CoE Interface.
  81:../SSC/Src/ecatcoe.c **** *////////////////////////////////////////////////////////////////////////////////////////
  82:../SSC/Src/ecatcoe.c **** 
  83:../SSC/Src/ecatcoe.c **** void COE_Init(void)
  84:../SSC/Src/ecatcoe.c **** {
  29              	 .loc 1 84 0
  30              	 .cfi_startproc
  31              	 
  32              	 
  33              	 
  34 0000 80B4     	 push {r7}
  35              	.LCFI0:
  36              	 .cfi_def_cfa_offset 4
  37              	 .cfi_offset 7,-4
  38 0002 00AF     	 add r7,sp,#0
  39              	.LCFI1:
  40              	 .cfi_def_cfa_register 7
  85:../SSC/Src/ecatcoe.c ****     pCoeSendStored = 0;
  41              	 .loc 1 85 0
  42 0004 044B     	 ldr r3,.L2
  43 0006 0022     	 movs r2,#0
  44 0008 1A60     	 str r2,[r3]
  86:../SSC/Src/ecatcoe.c ****     nSdoInfoFragmentsLeft = 0;
  45              	 .loc 1 86 0
  46 000a 044B     	 ldr r3,.L2+4
  47 000c 0022     	 movs r2,#0
  48 000e 1A80     	 strh r2,[r3]
  87:../SSC/Src/ecatcoe.c **** }
  49              	 .loc 1 87 0
  50 0010 BD46     	 mov sp,r7
  51              	.LCFI2:
  52              	 .cfi_def_cfa_register 13
  53              	 
  54 0012 5DF8047B 	 ldr r7,[sp],#4
  55              	.LCFI3:
  56              	 .cfi_restore 7
  57              	 .cfi_def_cfa_offset 0
  58 0016 7047     	 bx lr
  59              	.L3:
  60              	 .align 2
  61              	.L2:
  62 0018 00000000 	 .word pCoeSendStored
  63 001c 00000000 	 .word nSdoInfoFragmentsLeft
  64              	 .cfi_endproc
  65              	.LFE137:
  67              	 .section .text.COE_ServiceInd,"ax",%progbits
  68              	 .align 2
  69              	 .global COE_ServiceInd
  70              	 .thumb
  71              	 .thumb_func
  73              	COE_ServiceInd:
  74              	.LFB138:
  88:../SSC/Src/ecatcoe.c **** 
  89:../SSC/Src/ecatcoe.c **** /////////////////////////////////////////////////////////////////////////////////////////
  90:../SSC/Src/ecatcoe.c **** /**
  91:../SSC/Src/ecatcoe.c ****  \param     pCoeMbx      Pointer to the received mailbox data from the master.
  92:../SSC/Src/ecatcoe.c **** 
  93:../SSC/Src/ecatcoe.c ****  \return    result of the operation (0 (success) or mailbox error code (MBXERR_.... defined in
  94:../SSC/Src/ecatcoe.c ****             mailbox.h))
  95:../SSC/Src/ecatcoe.c **** 
  96:../SSC/Src/ecatcoe.c ****  \brief    This function is called when a CoE (CAN application layer over EtherCAT) service is rece
  97:../SSC/Src/ecatcoe.c ****              the master.
  98:../SSC/Src/ecatcoe.c **** *////////////////////////////////////////////////////////////////////////////////////////
  99:../SSC/Src/ecatcoe.c **** 
 100:../SSC/Src/ecatcoe.c **** UINT8 COE_ServiceInd(TCOEMBX MBXMEM *pCoeMbx)
 101:../SSC/Src/ecatcoe.c **** {
  75              	 .loc 1 101 0
  76              	 .cfi_startproc
  77              	 
  78              	 
  79 0000 80B5     	 push {r7,lr}
  80              	.LCFI4:
  81              	 .cfi_def_cfa_offset 8
  82              	 .cfi_offset 7,-8
  83              	 .cfi_offset 14,-4
  84 0002 84B0     	 sub sp,sp,#16
  85              	.LCFI5:
  86              	 .cfi_def_cfa_offset 24
  87 0004 00AF     	 add r7,sp,#0
  88              	.LCFI6:
  89              	 .cfi_def_cfa_register 7
  90 0006 7860     	 str r0,[r7,#4]
 102:../SSC/Src/ecatcoe.c ****     UINT8 result = 0;
  91              	 .loc 1 102 0
  92 0008 0023     	 movs r3,#0
  93 000a FB73     	 strb r3,[r7,#15]
 103:../SSC/Src/ecatcoe.c **** 
 104:../SSC/Src/ecatcoe.c ****     switch ((pCoeMbx->CoeHeader & COEHEADER_COESERVICEMASK) >> COEHEADER_COESERVICESHIFT)
  94              	 .loc 1 104 0
  95 000c 7B68     	 ldr r3,[r7,#4]
  96 000e DB88     	 ldrh r3,[r3,#6]
  97 0010 1B0B     	 lsrs r3,r3,#12
  98 0012 9BB2     	 uxth r3,r3
  99 0014 013B     	 subs r3,r3,#1
 100 0016 072B     	 cmp r3,#7
 101 0018 21D8     	 bhi .L5
 102 001a 01A2     	 adr r2,.L7
 103 001c 52F823F0 	 ldr pc,[r2,r3,lsl#2]
 104              	 .p2align 2
 105              	.L7:
 106 0020 59000000 	 .word .L6+1
 107 0024 41000000 	 .word .L8+1
 108 0028 59000000 	 .word .L6+1
 109 002c 59000000 	 .word .L6+1
 110 0030 59000000 	 .word .L6+1
 111 0034 59000000 	 .word .L6+1
 112 0038 59000000 	 .word .L6+1
 113 003c 4D000000 	 .word .L9+1
 114              	 .p2align 1
 115              	.L8:
 105:../SSC/Src/ecatcoe.c ****     {
 106:../SSC/Src/ecatcoe.c ****     case COESERVICE_SDOREQUEST:
 107:../SSC/Src/ecatcoe.c ****         /* SDO-Request received, call SDOS_SdoInd to process the SDO-Request
 108:../SSC/Src/ecatcoe.c ****            if an existing SDO-Stack shall be used, the corresponding function
 109:../SSC/Src/ecatcoe.c ****             should be called */
 110:../SSC/Src/ecatcoe.c ****         result = SDOS_SdoInd( (TINITSDOMBX MBXMEM *) pCoeMbx );
 116              	 .loc 1 110 0
 117 0040 7868     	 ldr r0,[r7,#4]
 118 0042 FFF7FEFF 	 bl SDOS_SdoInd
 119 0046 0346     	 mov r3,r0
 120 0048 FB73     	 strb r3,[r7,#15]
 111:../SSC/Src/ecatcoe.c ****         break;
 121              	 .loc 1 111 0
 122 004a 0BE0     	 b .L10
 123              	.L9:
 112:../SSC/Src/ecatcoe.c **** 
 113:../SSC/Src/ecatcoe.c ****     case COESERVICE_SDOINFO:
 114:../SSC/Src/ecatcoe.c ****         /* SDO-Information Request received, call SDOS_SdoInfoInd to process the SDO-Request */
 115:../SSC/Src/ecatcoe.c ****         result = SDOS_SdoInfoInd( (TSDOINFORMATION MBXMEM *) pCoeMbx );
 124              	 .loc 1 115 0
 125 004c 7868     	 ldr r0,[r7,#4]
 126 004e FFF7FEFF 	 bl SDOS_SdoInfoInd
 127 0052 0346     	 mov r3,r0
 128 0054 FB73     	 strb r3,[r7,#15]
 116:../SSC/Src/ecatcoe.c ****         /*NOERROR_INWORK is never returned by SDOS_SdoInfoInd() => delete return code handling*/
 117:../SSC/Src/ecatcoe.c ****         break;
 129              	 .loc 1 117 0
 130 0056 05E0     	 b .L10
 131              	.L6:
 118:../SSC/Src/ecatcoe.c **** 
 119:../SSC/Src/ecatcoe.c **** 
 120:../SSC/Src/ecatcoe.c ****     case COESERVICE_SDORESPONSE:
 121:../SSC/Src/ecatcoe.c ****     case COESERVICE_EMERGENCY:
 122:../SSC/Src/ecatcoe.c ****     case COESERVICE_TXPDO:
 123:../SSC/Src/ecatcoe.c ****     case COESERVICE_RXPDO:
 124:../SSC/Src/ecatcoe.c ****     case COESERVICE_TXPDOREMREQ:
 125:../SSC/Src/ecatcoe.c ****     case COESERVICE_RXPDOREMREQ:
 126:../SSC/Src/ecatcoe.c ****         /* these CoE services are not supported yet */
 127:../SSC/Src/ecatcoe.c ****         result = MBXERR_SERVICENOTSUPPORTED;
 132              	 .loc 1 127 0
 133 0058 0423     	 movs r3,#4
 134 005a FB73     	 strb r3,[r7,#15]
 128:../SSC/Src/ecatcoe.c ****         break;
 135              	 .loc 1 128 0
 136 005c 02E0     	 b .L10
 137              	.L5:
 129:../SSC/Src/ecatcoe.c **** 
 130:../SSC/Src/ecatcoe.c ****     default:
 131:../SSC/Src/ecatcoe.c ****         result = MBXERR_INVALIDHEADER;
 138              	 .loc 1 131 0
 139 005e 0523     	 movs r3,#5
 140 0060 FB73     	 strb r3,[r7,#15]
 132:../SSC/Src/ecatcoe.c ****         break;
 141              	 .loc 1 132 0
 142 0062 00BF     	 nop
 143              	.L10:
 133:../SSC/Src/ecatcoe.c ****     }
 134:../SSC/Src/ecatcoe.c ****     return result;
 144              	 .loc 1 134 0
 145 0064 FB7B     	 ldrb r3,[r7,#15]
 135:../SSC/Src/ecatcoe.c **** }
 146              	 .loc 1 135 0
 147 0066 1846     	 mov r0,r3
 148 0068 1037     	 adds r7,r7,#16
 149              	.LCFI7:
 150              	 .cfi_def_cfa_offset 8
 151 006a BD46     	 mov sp,r7
 152              	.LCFI8:
 153              	 .cfi_def_cfa_register 13
 154              	 
 155 006c 80BD     	 pop {r7,pc}
 156              	 .cfi_endproc
 157              	.LFE138:
 159 006e 00BF     	 .section .text.COE_ContinueInd,"ax",%progbits
 160              	 .align 2
 161              	 .global COE_ContinueInd
 162              	 .thumb
 163              	 .thumb_func
 165              	COE_ContinueInd:
 166              	.LFB139:
 136:../SSC/Src/ecatcoe.c **** 
 137:../SSC/Src/ecatcoe.c **** /////////////////////////////////////////////////////////////////////////////////////////
 138:../SSC/Src/ecatcoe.c **** /**
 139:../SSC/Src/ecatcoe.c ****  \param     pMbx      Pointer to the free mailbox to sent.
 140:../SSC/Src/ecatcoe.c **** 
 141:../SSC/Src/ecatcoe.c ****  \return    result of the operation (0 (success)
 142:../SSC/Src/ecatcoe.c **** 
 143:../SSC/Src/ecatcoe.c ****  \brief    This function is called when a CoE service to be sent is stored and can
 144:../SSC/Src/ecatcoe.c ****  \brief  be put in the send mailbox.
 145:../SSC/Src/ecatcoe.c **** *////////////////////////////////////////////////////////////////////////////////////////
 146:../SSC/Src/ecatcoe.c **** 
 147:../SSC/Src/ecatcoe.c **** UINT8 COE_ContinueInd(TMBX MBXMEM * pMbx)
 148:../SSC/Src/ecatcoe.c **** {
 167              	 .loc 1 148 0
 168              	 .cfi_startproc
 169              	 
 170              	 
 171 0000 80B5     	 push {r7,lr}
 172              	.LCFI9:
 173              	 .cfi_def_cfa_offset 8
 174              	 .cfi_offset 7,-8
 175              	 .cfi_offset 14,-4
 176 0002 82B0     	 sub sp,sp,#8
 177              	.LCFI10:
 178              	 .cfi_def_cfa_offset 16
 179 0004 00AF     	 add r7,sp,#0
 180              	.LCFI11:
 181              	 .cfi_def_cfa_register 7
 182 0006 7860     	 str r0,[r7,#4]
 149:../SSC/Src/ecatcoe.c ****     if (pCoeSendStored)
 183              	 .loc 1 149 0
 184 0008 124B     	 ldr r3,.L17
 185 000a 1B68     	 ldr r3,[r3]
 186 000c 002B     	 cmp r3,#0
 187 000e 09D0     	 beq .L13
 150:../SSC/Src/ecatcoe.c ****     {
 151:../SSC/Src/ecatcoe.c ****         /* send the stored CoE service which could not be sent before */
 152:../SSC/Src/ecatcoe.c ****         MBX_MailboxSendReq(pCoeSendStored, 0);
 188              	 .loc 1 152 0
 189 0010 104B     	 ldr r3,.L17
 190 0012 1B68     	 ldr r3,[r3]
 191 0014 1846     	 mov r0,r3
 192 0016 0021     	 movs r1,#0
 193 0018 FFF7FEFF 	 bl MBX_MailboxSendReq
 153:../SSC/Src/ecatcoe.c ****         pCoeSendStored = 0;
 194              	 .loc 1 153 0
 195 001c 0D4B     	 ldr r3,.L17
 196 001e 0022     	 movs r2,#0
 197 0020 1A60     	 str r2,[r3]
 198 0022 11E0     	 b .L14
 199              	.L13:
 154:../SSC/Src/ecatcoe.c ****     }
 155:../SSC/Src/ecatcoe.c ****     else
 156:../SSC/Src/ecatcoe.c ****     {
 157:../SSC/Src/ecatcoe.c ****         /* send the next fragment of the last CoE service (only for SDO-Information possible) */
 158:../SSC/Src/ecatcoe.c ****         /* in mailbox queue mode pMbx is always 0, so a mailbox buffer shall be get */
 159:../SSC/Src/ecatcoe.c ****         pMbx = (TMBX MBXMEM *) APPL_AllocMailboxBuffer(SIZEOF(TMBX));
 200              	 .loc 1 159 0
 201 0024 8020     	 movs r0,#128
 202 0026 FFF7FEFF 	 bl malloc
 203 002a 0346     	 mov r3,r0
 204 002c 7B60     	 str r3,[r7,#4]
 160:../SSC/Src/ecatcoe.c ****         /* it shall be checked if a valid pointer was returned */
 161:../SSC/Src/ecatcoe.c ****         if (pMbx == NULL)
 205              	 .loc 1 161 0
 206 002e 7B68     	 ldr r3,[r7,#4]
 207 0030 002B     	 cmp r3,#0
 208 0032 01D1     	 bne .L15
 162:../SSC/Src/ecatcoe.c ****         {
 163:../SSC/Src/ecatcoe.c ****             return MBXERR_NOMOREMEMORY;
 209              	 .loc 1 163 0
 210 0034 0723     	 movs r3,#7
 211 0036 08E0     	 b .L16
 212              	.L15:
 164:../SSC/Src/ecatcoe.c ****         }
 165:../SSC/Src/ecatcoe.c ****         else
 166:../SSC/Src/ecatcoe.c ****         {
 167:../SSC/Src/ecatcoe.c ****             /* copy the stored SDO-Info-Header in the request */
 168:../SSC/Src/ecatcoe.c ****             MBXMEMCPY(pMbx, aSdoInfoHeader, SDO_INFO_HEADER_BYTE_SIZE);
 213              	 .loc 1 168 0
 214 0038 7868     	 ldr r0,[r7,#4]
 215 003a 0749     	 ldr r1,.L17+4
 216 003c 0E22     	 movs r2,#14
 217 003e FFF7FEFF 	 bl memcpy
 169:../SSC/Src/ecatcoe.c ****             /* call SDOS_SdoInfoInd to generate and send the next fragment */
 170:../SSC/Src/ecatcoe.c ****             SDOS_SdoInfoInd( (TSDOINFORMATION MBXMEM *) pMbx );
 218              	 .loc 1 170 0
 219 0042 7868     	 ldr r0,[r7,#4]
 220 0044 FFF7FEFF 	 bl SDOS_SdoInfoInd
 221              	.L14:
 171:../SSC/Src/ecatcoe.c ****         }
 172:../SSC/Src/ecatcoe.c ****     }
 173:../SSC/Src/ecatcoe.c **** 
 174:../SSC/Src/ecatcoe.c ****     return 0;
 222              	 .loc 1 174 0
 223 0048 0023     	 movs r3,#0
 224              	.L16:
 175:../SSC/Src/ecatcoe.c **** }
 225              	 .loc 1 175 0
 226 004a 1846     	 mov r0,r3
 227 004c 0837     	 adds r7,r7,#8
 228              	.LCFI12:
 229              	 .cfi_def_cfa_offset 8
 230 004e BD46     	 mov sp,r7
 231              	.LCFI13:
 232              	 .cfi_def_cfa_register 13
 233              	 
 234 0050 80BD     	 pop {r7,pc}
 235              	.L18:
 236 0052 00BF     	 .align 2
 237              	.L17:
 238 0054 00000000 	 .word pCoeSendStored
 239 0058 00000000 	 .word aSdoInfoHeader
 240              	 .cfi_endproc
 241              	.LFE139:
 243              	 .text
 244              	.Letext0:
 245              	 .file 2 "c:\\tools\\dave-ide-4.4.2-64bit\\eclipse\\arm-gcc-49\\arm-none-eabi\\include\\machine\\_default_types.h"
 246              	 .file 3 "c:\\tools\\dave-ide-4.4.2-64bit\\eclipse\\arm-gcc-49\\arm-none-eabi\\include\\stdint.h"
 247              	 .file 4 "../SSC/Src/mailbox.h"
 248              	 .file 5 "../SSC/Src/ecatcoe.h"
 249              	 .file 6 "../SSC/Src/sdoserv.h"
 250              	 .file 7 "C:/Users/Admin/DaveWorkspaces/XMC4300_PWMTest/Libraries/CMSIS/Include/cmsis_gcc.h"
 251              	 .file 8 "C:/Users/Admin/DaveWorkspaces/XMC4300_PWMTest/Libraries/CMSIS/Include/core_cm4.h"
DEFINED SYMBOLS
                            *ABS*:00000000 ecatcoe.c
                            *COM*:00000004 pCoeSendStored
    {standard input}:21     .text.COE_Init:00000000 $t
    {standard input}:26     .text.COE_Init:00000000 COE_Init
    {standard input}:62     .text.COE_Init:00000018 $d
    {standard input}:68     .text.COE_ServiceInd:00000000 $t
    {standard input}:73     .text.COE_ServiceInd:00000000 COE_ServiceInd
    {standard input}:106    .text.COE_ServiceInd:00000020 $d
    {standard input}:114    .text.COE_ServiceInd:00000040 $t
    {standard input}:160    .text.COE_ContinueInd:00000000 $t
    {standard input}:165    .text.COE_ContinueInd:00000000 COE_ContinueInd
    {standard input}:238    .text.COE_ContinueInd:00000054 $d
                     .debug_frame:00000010 $d

UNDEFINED SYMBOLS
nSdoInfoFragmentsLeft
SDOS_SdoInd
SDOS_SdoInfoInd
MBX_MailboxSendReq
malloc
memcpy
aSdoInfoHeader
